CRITICAL - 2020-12-04 10:26:45 --> syntax error, unexpected 'tabla' (T_STRING), expecting variable (T_VARIABLE)
#0 D:\Users\emma_\Desktop\Xampp\htdocs\framework\system\Router\Router.php(195): CodeIgniter\Router\Router->autoRoute('Ctrl/tabla')
#1 D:\Users\emma_\Desktop\Xampp\htdocs\framework\system\CodeIgniter.php(793): CodeIgniter\Router\Router->handle('Ctrl/tabla')
#2 D:\Users\emma_\Desktop\Xampp\htdocs\framework\system\CodeIgniter.php(364): CodeIgniter\CodeIgniter->tryToRouteIt(Object(CodeIgniter\Router\RouteCollection))
#3 D:\Users\emma_\Desktop\Xampp\htdocs\framework\system\CodeIgniter.php(312): CodeIgniter\CodeIgniter->handleRequest(NULL, Object(Config\Cache), false)
#4 D:\Users\emma_\Desktop\Xampp\htdocs\framework\index.php(45): CodeIgniter\CodeIgniter->run()
#5 {main}
CRITICAL - 2020-12-04 10:28:07 --> syntax error, unexpected 'tabla' (T_STRING), expecting variable (T_VARIABLE)
#0 D:\Users\emma_\Desktop\Xampp\htdocs\framework\system\Router\Router.php(195): CodeIgniter\Router\Router->autoRoute('Ctrl/tabla')
#1 D:\Users\emma_\Desktop\Xampp\htdocs\framework\system\CodeIgniter.php(793): CodeIgniter\Router\Router->handle('Ctrl/tabla')
#2 D:\Users\emma_\Desktop\Xampp\htdocs\framework\system\CodeIgniter.php(364): CodeIgniter\CodeIgniter->tryToRouteIt(Object(CodeIgniter\Router\RouteCollection))
#3 D:\Users\emma_\Desktop\Xampp\htdocs\framework\system\CodeIgniter.php(312): CodeIgniter\CodeIgniter->handleRequest(NULL, Object(Config\Cache), false)
#4 D:\Users\emma_\Desktop\Xampp\htdocs\framework\index.php(45): CodeIgniter\CodeIgniter->run()
#5 {main}
CRITICAL - 2020-12-04 10:29:27 --> syntax error, unexpected 'tabla' (T_STRING), expecting variable (T_VARIABLE)
#0 D:\Users\emma_\Desktop\Xampp\htdocs\framework\system\Router\Router.php(195): CodeIgniter\Router\Router->autoRoute('Ctrl/tabla')
#1 D:\Users\emma_\Desktop\Xampp\htdocs\framework\system\CodeIgniter.php(793): CodeIgniter\Router\Router->handle('Ctrl/tabla')
#2 D:\Users\emma_\Desktop\Xampp\htdocs\framework\system\CodeIgniter.php(364): CodeIgniter\CodeIgniter->tryToRouteIt(Object(CodeIgniter\Router\RouteCollection))
#3 D:\Users\emma_\Desktop\Xampp\htdocs\framework\system\CodeIgniter.php(312): CodeIgniter\CodeIgniter->handleRequest(NULL, Object(Config\Cache), false)
#4 D:\Users\emma_\Desktop\Xampp\htdocs\framework\index.php(45): CodeIgniter\CodeIgniter->run()
#5 {main}
CRITICAL - 2020-12-04 10:30:29 --> syntax error, unexpected 'tabla' (T_STRING), expecting variable (T_VARIABLE)
#0 D:\Users\emma_\Desktop\Xampp\htdocs\framework\system\Router\Router.php(195): CodeIgniter\Router\Router->autoRoute('Ctrl/tabla')
#1 D:\Users\emma_\Desktop\Xampp\htdocs\framework\system\CodeIgniter.php(793): CodeIgniter\Router\Router->handle('Ctrl/tabla')
#2 D:\Users\emma_\Desktop\Xampp\htdocs\framework\system\CodeIgniter.php(364): CodeIgniter\CodeIgniter->tryToRouteIt(Object(CodeIgniter\Router\RouteCollection))
#3 D:\Users\emma_\Desktop\Xampp\htdocs\framework\system\CodeIgniter.php(312): CodeIgniter\CodeIgniter->handleRequest(NULL, Object(Config\Cache), false)
#4 D:\Users\emma_\Desktop\Xampp\htdocs\framework\index.php(45): CodeIgniter\CodeIgniter->run()
#5 {main}
CRITICAL - 2020-12-04 10:30:57 --> syntax error, unexpected 'tabla' (T_STRING), expecting variable (T_VARIABLE)
#0 D:\Users\emma_\Desktop\Xampp\htdocs\framework\system\Router\Router.php(195): CodeIgniter\Router\Router->autoRoute('Ctrl/index')
#1 D:\Users\emma_\Desktop\Xampp\htdocs\framework\system\CodeIgniter.php(793): CodeIgniter\Router\Router->handle('Ctrl/index')
#2 D:\Users\emma_\Desktop\Xampp\htdocs\framework\system\CodeIgniter.php(364): CodeIgniter\CodeIgniter->tryToRouteIt(Object(CodeIgniter\Router\RouteCollection))
#3 D:\Users\emma_\Desktop\Xampp\htdocs\framework\system\CodeIgniter.php(312): CodeIgniter\CodeIgniter->handleRequest(NULL, Object(Config\Cache), false)
#4 D:\Users\emma_\Desktop\Xampp\htdocs\framework\index.php(45): CodeIgniter\CodeIgniter->run()
#5 {main}
CRITICAL - 2020-12-04 10:31:08 --> syntax error, unexpected 'tabla' (T_STRING), expecting variable (T_VARIABLE)
#0 D:\Users\emma_\Desktop\Xampp\htdocs\framework\system\Router\Router.php(195): CodeIgniter\Router\Router->autoRoute('Ctrl/index')
#1 D:\Users\emma_\Desktop\Xampp\htdocs\framework\system\CodeIgniter.php(793): CodeIgniter\Router\Router->handle('Ctrl/index')
#2 D:\Users\emma_\Desktop\Xampp\htdocs\framework\system\CodeIgniter.php(364): CodeIgniter\CodeIgniter->tryToRouteIt(Object(CodeIgniter\Router\RouteCollection))
#3 D:\Users\emma_\Desktop\Xampp\htdocs\framework\system\CodeIgniter.php(312): CodeIgniter\CodeIgniter->handleRequest(NULL, Object(Config\Cache), false)
#4 D:\Users\emma_\Desktop\Xampp\htdocs\framework\index.php(45): CodeIgniter\CodeIgniter->run()
#5 {main}
CRITICAL - 2020-12-04 10:31:11 --> syntax error, unexpected 'tabla' (T_STRING), expecting variable (T_VARIABLE)
#0 D:\Users\emma_\Desktop\Xampp\htdocs\framework\system\Router\Router.php(195): CodeIgniter\Router\Router->autoRoute('Ctrl/index')
#1 D:\Users\emma_\Desktop\Xampp\htdocs\framework\system\CodeIgniter.php(793): CodeIgniter\Router\Router->handle('Ctrl/index')
#2 D:\Users\emma_\Desktop\Xampp\htdocs\framework\system\CodeIgniter.php(364): CodeIgniter\CodeIgniter->tryToRouteIt(Object(CodeIgniter\Router\RouteCollection))
#3 D:\Users\emma_\Desktop\Xampp\htdocs\framework\system\CodeIgniter.php(312): CodeIgniter\CodeIgniter->handleRequest(NULL, Object(Config\Cache), false)
#4 D:\Users\emma_\Desktop\Xampp\htdocs\framework\index.php(45): CodeIgniter\CodeIgniter->run()
#5 {main}
CRITICAL - 2020-12-04 10:31:16 --> syntax error, unexpected 'tabla' (T_STRING), expecting variable (T_VARIABLE)
#0 D:\Users\emma_\Desktop\Xampp\htdocs\framework\system\Router\Router.php(195): CodeIgniter\Router\Router->autoRoute('Ctrl/index')
#1 D:\Users\emma_\Desktop\Xampp\htdocs\framework\system\CodeIgniter.php(793): CodeIgniter\Router\Router->handle('Ctrl/index')
#2 D:\Users\emma_\Desktop\Xampp\htdocs\framework\system\CodeIgniter.php(364): CodeIgniter\CodeIgniter->tryToRouteIt(Object(CodeIgniter\Router\RouteCollection))
#3 D:\Users\emma_\Desktop\Xampp\htdocs\framework\system\CodeIgniter.php(312): CodeIgniter\CodeIgniter->handleRequest(NULL, Object(Config\Cache), false)
#4 D:\Users\emma_\Desktop\Xampp\htdocs\framework\index.php(45): CodeIgniter\CodeIgniter->run()
#5 {main}
CRITICAL - 2020-12-04 10:32:02 --> syntax error, unexpected 'tabla' (T_STRING), expecting variable (T_VARIABLE)
#0 D:\Users\emma_\Desktop\Xampp\htdocs\framework\system\Router\Router.php(195): CodeIgniter\Router\Router->autoRoute('Ctrl/index')
#1 D:\Users\emma_\Desktop\Xampp\htdocs\framework\system\CodeIgniter.php(793): CodeIgniter\Router\Router->handle('Ctrl/index')
#2 D:\Users\emma_\Desktop\Xampp\htdocs\framework\system\CodeIgniter.php(364): CodeIgniter\CodeIgniter->tryToRouteIt(Object(CodeIgniter\Router\RouteCollection))
#3 D:\Users\emma_\Desktop\Xampp\htdocs\framework\system\CodeIgniter.php(312): CodeIgniter\CodeIgniter->handleRequest(NULL, Object(Config\Cache), false)
#4 D:\Users\emma_\Desktop\Xampp\htdocs\framework\index.php(45): CodeIgniter\CodeIgniter->run()
#5 {main}
CRITICAL - 2020-12-04 10:32:03 --> syntax error, unexpected 'tabla' (T_STRING), expecting variable (T_VARIABLE)
#0 D:\Users\emma_\Desktop\Xampp\htdocs\framework\system\Router\Router.php(195): CodeIgniter\Router\Router->autoRoute('Ctrl/index')
#1 D:\Users\emma_\Desktop\Xampp\htdocs\framework\system\CodeIgniter.php(793): CodeIgniter\Router\Router->handle('Ctrl/index')
#2 D:\Users\emma_\Desktop\Xampp\htdocs\framework\system\CodeIgniter.php(364): CodeIgniter\CodeIgniter->tryToRouteIt(Object(CodeIgniter\Router\RouteCollection))
#3 D:\Users\emma_\Desktop\Xampp\htdocs\framework\system\CodeIgniter.php(312): CodeIgniter\CodeIgniter->handleRequest(NULL, Object(Config\Cache), false)
#4 D:\Users\emma_\Desktop\Xampp\htdocs\framework\index.php(45): CodeIgniter\CodeIgniter->run()
#5 {main}
CRITICAL - 2020-12-04 10:32:26 --> syntax error, unexpected 'tabla' (T_STRING), expecting variable (T_VARIABLE)
#0 D:\Users\emma_\Desktop\Xampp\htdocs\framework\system\Router\Router.php(195): CodeIgniter\Router\Router->autoRoute('Ctrl/index')
#1 D:\Users\emma_\Desktop\Xampp\htdocs\framework\system\CodeIgniter.php(793): CodeIgniter\Router\Router->handle('Ctrl/index')
#2 D:\Users\emma_\Desktop\Xampp\htdocs\framework\system\CodeIgniter.php(364): CodeIgniter\CodeIgniter->tryToRouteIt(Object(CodeIgniter\Router\RouteCollection))
#3 D:\Users\emma_\Desktop\Xampp\htdocs\framework\system\CodeIgniter.php(312): CodeIgniter\CodeIgniter->handleRequest(NULL, Object(Config\Cache), false)
#4 D:\Users\emma_\Desktop\Xampp\htdocs\framework\index.php(45): CodeIgniter\CodeIgniter->run()
#5 {main}
CRITICAL - 2020-12-04 10:32:37 --> syntax error, unexpected 'tabla' (T_STRING), expecting variable (T_VARIABLE)
#0 D:\Users\emma_\Desktop\Xampp\htdocs\framework\system\Router\Router.php(195): CodeIgniter\Router\Router->autoRoute('Ctrl/tabla')
#1 D:\Users\emma_\Desktop\Xampp\htdocs\framework\system\CodeIgniter.php(793): CodeIgniter\Router\Router->handle('Ctrl/tabla')
#2 D:\Users\emma_\Desktop\Xampp\htdocs\framework\system\CodeIgniter.php(364): CodeIgniter\CodeIgniter->tryToRouteIt(Object(CodeIgniter\Router\RouteCollection))
#3 D:\Users\emma_\Desktop\Xampp\htdocs\framework\system\CodeIgniter.php(312): CodeIgniter\CodeIgniter->handleRequest(NULL, Object(Config\Cache), false)
#4 D:\Users\emma_\Desktop\Xampp\htdocs\framework\index.php(45): CodeIgniter\CodeIgniter->run()
#5 {main}
CRITICAL - 2020-12-04 10:33:12 --> syntax error, unexpected 'tabla' (T_STRING), expecting variable (T_VARIABLE)
#0 D:\Users\emma_\Desktop\Xampp\htdocs\framework\system\Router\Router.php(195): CodeIgniter\Router\Router->autoRoute('Ctrl/tabla')
#1 D:\Users\emma_\Desktop\Xampp\htdocs\framework\system\CodeIgniter.php(793): CodeIgniter\Router\Router->handle('Ctrl/tabla')
#2 D:\Users\emma_\Desktop\Xampp\htdocs\framework\system\CodeIgniter.php(364): CodeIgniter\CodeIgniter->tryToRouteIt(Object(CodeIgniter\Router\RouteCollection))
#3 D:\Users\emma_\Desktop\Xampp\htdocs\framework\system\CodeIgniter.php(312): CodeIgniter\CodeIgniter->handleRequest(NULL, Object(Config\Cache), false)
#4 D:\Users\emma_\Desktop\Xampp\htdocs\framework\index.php(45): CodeIgniter\CodeIgniter->run()
#5 {main}
CRITICAL - 2020-12-04 10:33:19 --> syntax error, unexpected 'tabla' (T_STRING), expecting variable (T_VARIABLE)
#0 D:\Users\emma_\Desktop\Xampp\htdocs\framework\system\Router\Router.php(195): CodeIgniter\Router\Router->autoRoute('Ctrl/index')
#1 D:\Users\emma_\Desktop\Xampp\htdocs\framework\system\CodeIgniter.php(793): CodeIgniter\Router\Router->handle('Ctrl/index')
#2 D:\Users\emma_\Desktop\Xampp\htdocs\framework\system\CodeIgniter.php(364): CodeIgniter\CodeIgniter->tryToRouteIt(Object(CodeIgniter\Router\RouteCollection))
#3 D:\Users\emma_\Desktop\Xampp\htdocs\framework\system\CodeIgniter.php(312): CodeIgniter\CodeIgniter->handleRequest(NULL, Object(Config\Cache), false)
#4 D:\Users\emma_\Desktop\Xampp\htdocs\framework\index.php(45): CodeIgniter\CodeIgniter->run()
#5 {main}
CRITICAL - 2020-12-04 10:51:19 --> Invalid argument supplied for foreach()
#0 D:\Users\emma_\Desktop\Xampp\htdocs\framework\app\Views\tabla2.php(19): CodeIgniter\Debug\Exceptions->errorHandler(2, 'Invalid argumen...', 'D:\\Users\\emma_\\...', 19, Array)
#1 D:\Users\emma_\Desktop\Xampp\htdocs\framework\system\View\View.php(246): include('D:\\Users\\emma_\\...')
#2 D:\Users\emma_\Desktop\Xampp\htdocs\framework\system\Common.php(1119): CodeIgniter\View\View->render('tabla2', Array, true)
#3 D:\Users\emma_\Desktop\Xampp\htdocs\framework\app\Controllers\Ctrl.php(44): view('tabla2', Array)
#4 D:\Users\emma_\Desktop\Xampp\htdocs\framework\system\CodeIgniter.php(918): App\Controllers\Ctrl->columna2()
#5 D:\Users\emma_\Desktop\Xampp\htdocs\framework\system\CodeIgniter.php(404): CodeIgniter\CodeIgniter->runController(Object(App\Controllers\Ctrl))
#6 D:\Users\emma_\Desktop\Xampp\htdocs\framework\system\CodeIgniter.php(312): CodeIgniter\CodeIgniter->handleRequest(NULL, Object(Config\Cache), false)
#7 D:\Users\emma_\Desktop\Xampp\htdocs\framework\index.php(45): CodeIgniter\CodeIgniter->run()
#8 {main}
CRITICAL - 2020-12-04 10:51:42 --> Invalid argument supplied for foreach()
#0 D:\Users\emma_\Desktop\Xampp\htdocs\framework\app\Views\tabla2.php(19): CodeIgniter\Debug\Exceptions->errorHandler(2, 'Invalid argumen...', 'D:\\Users\\emma_\\...', 19, Array)
#1 D:\Users\emma_\Desktop\Xampp\htdocs\framework\system\View\View.php(246): include('D:\\Users\\emma_\\...')
#2 D:\Users\emma_\Desktop\Xampp\htdocs\framework\system\Common.php(1119): CodeIgniter\View\View->render('tabla2', Array, true)
#3 D:\Users\emma_\Desktop\Xampp\htdocs\framework\app\Controllers\Ctrl.php(44): view('tabla2', Array)
#4 D:\Users\emma_\Desktop\Xampp\htdocs\framework\system\CodeIgniter.php(918): App\Controllers\Ctrl->columna2()
#5 D:\Users\emma_\Desktop\Xampp\htdocs\framework\system\CodeIgniter.php(404): CodeIgniter\CodeIgniter->runController(Object(App\Controllers\Ctrl))
#6 D:\Users\emma_\Desktop\Xampp\htdocs\framework\system\CodeIgniter.php(312): CodeIgniter\CodeIgniter->handleRequest(NULL, Object(Config\Cache), false)
#7 D:\Users\emma_\Desktop\Xampp\htdocs\framework\index.php(45): CodeIgniter\CodeIgniter->run()
#8 {main}
CRITICAL - 2020-12-04 10:52:47 --> Invalid argument supplied for foreach()
#0 D:\Users\emma_\Desktop\Xampp\htdocs\framework\app\Views\tabla2.php(19): CodeIgniter\Debug\Exceptions->errorHandler(2, 'Invalid argumen...', 'D:\\Users\\emma_\\...', 19, Array)
#1 D:\Users\emma_\Desktop\Xampp\htdocs\framework\system\View\View.php(246): include('D:\\Users\\emma_\\...')
#2 D:\Users\emma_\Desktop\Xampp\htdocs\framework\system\Common.php(1119): CodeIgniter\View\View->render('tabla2', Array, true)
#3 D:\Users\emma_\Desktop\Xampp\htdocs\framework\app\Controllers\Ctrl.php(44): view('tabla2', Array)
#4 D:\Users\emma_\Desktop\Xampp\htdocs\framework\system\CodeIgniter.php(918): App\Controllers\Ctrl->columna2()
#5 D:\Users\emma_\Desktop\Xampp\htdocs\framework\system\CodeIgniter.php(404): CodeIgniter\CodeIgniter->runController(Object(App\Controllers\Ctrl))
#6 D:\Users\emma_\Desktop\Xampp\htdocs\framework\system\CodeIgniter.php(312): CodeIgniter\CodeIgniter->handleRequest(NULL, Object(Config\Cache), false)
#7 D:\Users\emma_\Desktop\Xampp\htdocs\framework\index.php(45): CodeIgniter\CodeIgniter->run()
#8 {main}
CRITICAL - 2020-12-04 10:53:50 --> Invalid argument supplied for foreach()
#0 D:\Users\emma_\Desktop\Xampp\htdocs\framework\app\Views\tabla2.php(19): CodeIgniter\Debug\Exceptions->errorHandler(2, 'Invalid argumen...', 'D:\\Users\\emma_\\...', 19, Array)
#1 D:\Users\emma_\Desktop\Xampp\htdocs\framework\system\View\View.php(246): include('D:\\Users\\emma_\\...')
#2 D:\Users\emma_\Desktop\Xampp\htdocs\framework\system\Common.php(1119): CodeIgniter\View\View->render('tabla2', Array, true)
#3 D:\Users\emma_\Desktop\Xampp\htdocs\framework\app\Controllers\Ctrl.php(49): view('tabla2', Array)
#4 D:\Users\emma_\Desktop\Xampp\htdocs\framework\system\CodeIgniter.php(918): App\Controllers\Ctrl->where()
#5 D:\Users\emma_\Desktop\Xampp\htdocs\framework\system\CodeIgniter.php(404): CodeIgniter\CodeIgniter->runController(Object(App\Controllers\Ctrl))
#6 D:\Users\emma_\Desktop\Xampp\htdocs\framework\system\CodeIgniter.php(312): CodeIgniter\CodeIgniter->handleRequest(NULL, Object(Config\Cache), false)
#7 D:\Users\emma_\Desktop\Xampp\htdocs\framework\index.php(45): CodeIgniter\CodeIgniter->run()
#8 {main}
CRITICAL - 2020-12-04 10:55:47 --> Invalid argument supplied for foreach()
#0 D:\Users\emma_\Desktop\Xampp\htdocs\framework\app\Views\tabla2.php(19): CodeIgniter\Debug\Exceptions->errorHandler(2, 'Invalid argumen...', 'D:\\Users\\emma_\\...', 19, Array)
#1 D:\Users\emma_\Desktop\Xampp\htdocs\framework\system\View\View.php(246): include('D:\\Users\\emma_\\...')
#2 D:\Users\emma_\Desktop\Xampp\htdocs\framework\system\Common.php(1119): CodeIgniter\View\View->render('tabla2', Array, true)
#3 D:\Users\emma_\Desktop\Xampp\htdocs\framework\app\Controllers\Ctrl.php(49): view('tabla2', Array)
#4 D:\Users\emma_\Desktop\Xampp\htdocs\framework\system\CodeIgniter.php(918): App\Controllers\Ctrl->where()
#5 D:\Users\emma_\Desktop\Xampp\htdocs\framework\system\CodeIgniter.php(404): CodeIgniter\CodeIgniter->runController(Object(App\Controllers\Ctrl))
#6 D:\Users\emma_\Desktop\Xampp\htdocs\framework\system\CodeIgniter.php(312): CodeIgniter\CodeIgniter->handleRequest(NULL, Object(Config\Cache), false)
#7 D:\Users\emma_\Desktop\Xampp\htdocs\framework\index.php(45): CodeIgniter\CodeIgniter->run()
#8 {main}
CRITICAL - 2020-12-04 10:58:15 --> Invalid argument supplied for foreach()
#0 D:\Users\emma_\Desktop\Xampp\htdocs\framework\app\Views\tabla2.php(19): CodeIgniter\Debug\Exceptions->errorHandler(2, 'Invalid argumen...', 'D:\\Users\\emma_\\...', 19, Array)
#1 D:\Users\emma_\Desktop\Xampp\htdocs\framework\system\View\View.php(246): include('D:\\Users\\emma_\\...')
#2 D:\Users\emma_\Desktop\Xampp\htdocs\framework\system\Common.php(1119): CodeIgniter\View\View->render('tabla2', Array, true)
#3 D:\Users\emma_\Desktop\Xampp\htdocs\framework\app\Controllers\Ctrl.php(44): view('tabla2', Array)
#4 D:\Users\emma_\Desktop\Xampp\htdocs\framework\system\CodeIgniter.php(918): App\Controllers\Ctrl->columna2()
#5 D:\Users\emma_\Desktop\Xampp\htdocs\framework\system\CodeIgniter.php(404): CodeIgniter\CodeIgniter->runController(Object(App\Controllers\Ctrl))
#6 D:\Users\emma_\Desktop\Xampp\htdocs\framework\system\CodeIgniter.php(312): CodeIgniter\CodeIgniter->handleRequest(NULL, Object(Config\Cache), false)
#7 D:\Users\emma_\Desktop\Xampp\htdocs\framework\index.php(45): CodeIgniter\CodeIgniter->run()
#8 {main}
CRITICAL - 2020-12-04 11:09:24 --> Invalid argument supplied for foreach()
#0 D:\Users\emma_\Desktop\Xampp\htdocs\framework\app\Views\tabla2.php(15): CodeIgniter\Debug\Exceptions->errorHandler(2, 'Invalid argumen...', 'D:\\Users\\emma_\\...', 15, Array)
#1 D:\Users\emma_\Desktop\Xampp\htdocs\framework\system\View\View.php(246): include('D:\\Users\\emma_\\...')
#2 D:\Users\emma_\Desktop\Xampp\htdocs\framework\system\Common.php(1119): CodeIgniter\View\View->render('tabla2', Array, true)
#3 D:\Users\emma_\Desktop\Xampp\htdocs\framework\app\Controllers\Ctrl.php(44): view('tabla2', Array)
#4 D:\Users\emma_\Desktop\Xampp\htdocs\framework\system\CodeIgniter.php(918): App\Controllers\Ctrl->columna2()
#5 D:\Users\emma_\Desktop\Xampp\htdocs\framework\system\CodeIgniter.php(404): CodeIgniter\CodeIgniter->runController(Object(App\Controllers\Ctrl))
#6 D:\Users\emma_\Desktop\Xampp\htdocs\framework\system\CodeIgniter.php(312): CodeIgniter\CodeIgniter->handleRequest(NULL, Object(Config\Cache), false)
#7 D:\Users\emma_\Desktop\Xampp\htdocs\framework\index.php(45): CodeIgniter\CodeIgniter->run()
#8 {main}
CRITICAL - 2020-12-04 11:10:19 --> Invalid argument supplied for foreach()
#0 D:\Users\emma_\Desktop\Xampp\htdocs\framework\app\Views\tabla2.php(15): CodeIgniter\Debug\Exceptions->errorHandler(2, 'Invalid argumen...', 'D:\\Users\\emma_\\...', 15, Array)
#1 D:\Users\emma_\Desktop\Xampp\htdocs\framework\system\View\View.php(246): include('D:\\Users\\emma_\\...')
#2 D:\Users\emma_\Desktop\Xampp\htdocs\framework\system\Common.php(1119): CodeIgniter\View\View->render('tabla2', Array, true)
#3 D:\Users\emma_\Desktop\Xampp\htdocs\framework\app\Controllers\Ctrl.php(49): view('tabla2', Array)
#4 D:\Users\emma_\Desktop\Xampp\htdocs\framework\system\CodeIgniter.php(918): App\Controllers\Ctrl->where()
#5 D:\Users\emma_\Desktop\Xampp\htdocs\framework\system\CodeIgniter.php(404): CodeIgniter\CodeIgniter->runController(Object(App\Controllers\Ctrl))
#6 D:\Users\emma_\Desktop\Xampp\htdocs\framework\system\CodeIgniter.php(312): CodeIgniter\CodeIgniter->handleRequest(NULL, Object(Config\Cache), false)
#7 D:\Users\emma_\Desktop\Xampp\htdocs\framework\index.php(45): CodeIgniter\CodeIgniter->run()
#8 {main}
