CRITICAL - 2020-12-08 17:26:29 --> syntax error, unexpected '}', expecting ';'
#0 C:\xampp\htdocs\framework\system\Router\Router.php(195): CodeIgniter\Router\Router->autoRoute('Noticias/valida...')
#1 C:\xampp\htdocs\framework\system\CodeIgniter.php(793): CodeIgniter\Router\Router->handle('Noticias/valida...')
#2 C:\xampp\htdocs\framework\system\CodeIgniter.php(364): CodeIgniter\CodeIgniter->tryToRouteIt(Object(CodeIgniter\Router\RouteCollection))
#3 C:\xampp\htdocs\framework\system\CodeIgniter.php(312): CodeIgniter\CodeIgniter->handleRequest(NULL, Object(Config\Cache), false)
#4 C:\xampp\htdocs\framework\index.php(45): CodeIgniter\CodeIgniter->run()
#5 {main}
CRITICAL - 2020-12-08 17:29:14 --> syntax error, unexpected '}', expecting ';'
#0 C:\xampp\htdocs\framework\system\Router\Router.php(195): CodeIgniter\Router\Router->autoRoute('Noticias/valida...')
#1 C:\xampp\htdocs\framework\system\CodeIgniter.php(793): CodeIgniter\Router\Router->handle('Noticias/valida...')
#2 C:\xampp\htdocs\framework\system\CodeIgniter.php(364): CodeIgniter\CodeIgniter->tryToRouteIt(Object(CodeIgniter\Router\RouteCollection))
#3 C:\xampp\htdocs\framework\system\CodeIgniter.php(312): CodeIgniter\CodeIgniter->handleRequest(NULL, Object(Config\Cache), false)
#4 C:\xampp\htdocs\framework\index.php(45): CodeIgniter\CodeIgniter->run()
#5 {main}
CRITICAL - 2020-12-08 17:29:14 --> syntax error, unexpected '}', expecting ';'
#0 C:\xampp\htdocs\framework\system\Router\Router.php(195): CodeIgniter\Router\Router->autoRoute('Noticias/Formul...')
#1 C:\xampp\htdocs\framework\system\CodeIgniter.php(793): CodeIgniter\Router\Router->handle('Noticias/Formul...')
#2 C:\xampp\htdocs\framework\system\CodeIgniter.php(364): CodeIgniter\CodeIgniter->tryToRouteIt(Object(CodeIgniter\Router\RouteCollection))
#3 C:\xampp\htdocs\framework\system\CodeIgniter.php(312): CodeIgniter\CodeIgniter->handleRequest(NULL, Object(Config\Cache), false)
#4 C:\xampp\htdocs\framework\index.php(45): CodeIgniter\CodeIgniter->run()
#5 {main}
CRITICAL - 2020-12-08 17:29:16 --> syntax error, unexpected '}', expecting ';'
#0 C:\xampp\htdocs\framework\system\Router\Router.php(195): CodeIgniter\Router\Router->autoRoute('Noticias/Princi...')
#1 C:\xampp\htdocs\framework\system\CodeIgniter.php(793): CodeIgniter\Router\Router->handle('Noticias/Princi...')
#2 C:\xampp\htdocs\framework\system\CodeIgniter.php(364): CodeIgniter\CodeIgniter->tryToRouteIt(Object(CodeIgniter\Router\RouteCollection))
#3 C:\xampp\htdocs\framework\system\CodeIgniter.php(312): CodeIgniter\CodeIgniter->handleRequest(NULL, Object(Config\Cache), false)
#4 C:\xampp\htdocs\framework\index.php(45): CodeIgniter\CodeIgniter->run()
#5 {main}
CRITICAL - 2020-12-08 17:29:17 --> syntax error, unexpected '}', expecting ';'
#0 C:\xampp\htdocs\framework\system\Router\Router.php(195): CodeIgniter\Router\Router->autoRoute('Noticias/Formul...')
#1 C:\xampp\htdocs\framework\system\CodeIgniter.php(793): CodeIgniter\Router\Router->handle('Noticias/Formul...')
#2 C:\xampp\htdocs\framework\system\CodeIgniter.php(364): CodeIgniter\CodeIgniter->tryToRouteIt(Object(CodeIgniter\Router\RouteCollection))
#3 C:\xampp\htdocs\framework\system\CodeIgniter.php(312): CodeIgniter\CodeIgniter->handleRequest(NULL, Object(Config\Cache), false)
#4 C:\xampp\htdocs\framework\index.php(45): CodeIgniter\CodeIgniter->run()
#5 {main}
CRITICAL - 2020-12-08 17:29:21 --> syntax error, unexpected '}', expecting ';'
#0 C:\xampp\htdocs\framework\system\Router\Router.php(195): CodeIgniter\Router\Router->autoRoute('Noticias/Formul...')
#1 C:\xampp\htdocs\framework\system\CodeIgniter.php(793): CodeIgniter\Router\Router->handle('Noticias/Formul...')
#2 C:\xampp\htdocs\framework\system\CodeIgniter.php(364): CodeIgniter\CodeIgniter->tryToRouteIt(Object(CodeIgniter\Router\RouteCollection))
#3 C:\xampp\htdocs\framework\system\CodeIgniter.php(312): CodeIgniter\CodeIgniter->handleRequest(NULL, Object(Config\Cache), false)
#4 C:\xampp\htdocs\framework\index.php(45): CodeIgniter\CodeIgniter->run()
#5 {main}
CRITICAL - 2020-12-08 17:29:37 --> syntax error, unexpected '}', expecting ';'
#0 C:\xampp\htdocs\framework\system\Router\Router.php(195): CodeIgniter\Router\Router->autoRoute('Noticias/Formul...')
#1 C:\xampp\htdocs\framework\system\CodeIgniter.php(793): CodeIgniter\Router\Router->handle('Noticias/Formul...')
#2 C:\xampp\htdocs\framework\system\CodeIgniter.php(364): CodeIgniter\CodeIgniter->tryToRouteIt(Object(CodeIgniter\Router\RouteCollection))
#3 C:\xampp\htdocs\framework\system\CodeIgniter.php(312): CodeIgniter\CodeIgniter->handleRequest(NULL, Object(Config\Cache), false)
#4 C:\xampp\htdocs\framework\index.php(45): CodeIgniter\CodeIgniter->run()
#5 {main}
CRITICAL - 2020-12-08 17:29:55 --> syntax error, unexpected '}', expecting ';'
#0 C:\xampp\htdocs\framework\system\Router\Router.php(195): CodeIgniter\Router\Router->autoRoute('Noticias/Princi...')
#1 C:\xampp\htdocs\framework\system\CodeIgniter.php(793): CodeIgniter\Router\Router->handle('Noticias/Princi...')
#2 C:\xampp\htdocs\framework\system\CodeIgniter.php(364): CodeIgniter\CodeIgniter->tryToRouteIt(Object(CodeIgniter\Router\RouteCollection))
#3 C:\xampp\htdocs\framework\system\CodeIgniter.php(312): CodeIgniter\CodeIgniter->handleRequest(NULL, Object(Config\Cache), false)
#4 C:\xampp\htdocs\framework\index.php(45): CodeIgniter\CodeIgniter->run()
#5 {main}
CRITICAL - 2020-12-08 17:30:27 --> syntax error, unexpected '}', expecting ';'
#0 C:\xampp\htdocs\framework\system\Router\Router.php(195): CodeIgniter\Router\Router->autoRoute('Noticias/Princi...')
#1 C:\xampp\htdocs\framework\system\CodeIgniter.php(793): CodeIgniter\Router\Router->handle('Noticias/Princi...')
#2 C:\xampp\htdocs\framework\system\CodeIgniter.php(364): CodeIgniter\CodeIgniter->tryToRouteIt(Object(CodeIgniter\Router\RouteCollection))
#3 C:\xampp\htdocs\framework\system\CodeIgniter.php(312): CodeIgniter\CodeIgniter->handleRequest(NULL, Object(Config\Cache), false)
#4 C:\xampp\htdocs\framework\index.php(45): CodeIgniter\CodeIgniter->run()
#5 {main}
CRITICAL - 2020-12-08 17:30:28 --> syntax error, unexpected '}', expecting ';'
#0 C:\xampp\htdocs\framework\system\Router\Router.php(195): CodeIgniter\Router\Router->autoRoute('Noticias/Princi...')
#1 C:\xampp\htdocs\framework\system\CodeIgniter.php(793): CodeIgniter\Router\Router->handle('Noticias/Princi...')
#2 C:\xampp\htdocs\framework\system\CodeIgniter.php(364): CodeIgniter\CodeIgniter->tryToRouteIt(Object(CodeIgniter\Router\RouteCollection))
#3 C:\xampp\htdocs\framework\system\CodeIgniter.php(312): CodeIgniter\CodeIgniter->handleRequest(NULL, Object(Config\Cache), false)
#4 C:\xampp\htdocs\framework\index.php(45): CodeIgniter\CodeIgniter->run()
#5 {main}
CRITICAL - 2020-12-08 17:30:28 --> syntax error, unexpected '}', expecting ';'
#0 C:\xampp\htdocs\framework\system\Router\Router.php(195): CodeIgniter\Router\Router->autoRoute('Noticias/Princi...')
#1 C:\xampp\htdocs\framework\system\CodeIgniter.php(793): CodeIgniter\Router\Router->handle('Noticias/Princi...')
#2 C:\xampp\htdocs\framework\system\CodeIgniter.php(364): CodeIgniter\CodeIgniter->tryToRouteIt(Object(CodeIgniter\Router\RouteCollection))
#3 C:\xampp\htdocs\framework\system\CodeIgniter.php(312): CodeIgniter\CodeIgniter->handleRequest(NULL, Object(Config\Cache), false)
#4 C:\xampp\htdocs\framework\index.php(45): CodeIgniter\CodeIgniter->run()
#5 {main}
CRITICAL - 2020-12-08 17:30:29 --> syntax error, unexpected '}', expecting ';'
#0 C:\xampp\htdocs\framework\system\Router\Router.php(195): CodeIgniter\Router\Router->autoRoute('Noticias/Princi...')
#1 C:\xampp\htdocs\framework\system\CodeIgniter.php(793): CodeIgniter\Router\Router->handle('Noticias/Princi...')
#2 C:\xampp\htdocs\framework\system\CodeIgniter.php(364): CodeIgniter\CodeIgniter->tryToRouteIt(Object(CodeIgniter\Router\RouteCollection))
#3 C:\xampp\htdocs\framework\system\CodeIgniter.php(312): CodeIgniter\CodeIgniter->handleRequest(NULL, Object(Config\Cache), false)
#4 C:\xampp\htdocs\framework\index.php(45): CodeIgniter\CodeIgniter->run()
#5 {main}
