CRITICAL - 2020-11-30 15:46:23 --> Invalid file: formulario.php
#0 D:\Users\emma_\Desktop\Xampp\htdocs\framework\system\View\View.php(228): CodeIgniter\Exceptions\FrameworkException::forInvalidFile('formulario.php')
#1 D:\Users\emma_\Desktop\Xampp\htdocs\framework\system\Common.php(1119): CodeIgniter\View\View->render('formulario', Array, true)
#2 D:\Users\emma_\Desktop\Xampp\htdocs\framework\app\Controllers\Ctrl.php(9): view('formulario')
#3 D:\Users\emma_\Desktop\Xampp\htdocs\framework\system\CodeIgniter.php(918): App\Controllers\Ctrl->index()
#4 D:\Users\emma_\Desktop\Xampp\htdocs\framework\system\CodeIgniter.php(404): CodeIgniter\CodeIgniter->runController(Object(App\Controllers\Ctrl))
#5 D:\Users\emma_\Desktop\Xampp\htdocs\framework\system\CodeIgniter.php(312): CodeIgniter\CodeIgniter->handleRequest(NULL, Object(Config\Cache), false)
#6 D:\Users\emma_\Desktop\Xampp\htdocs\framework\index.php(45): CodeIgniter\CodeIgniter->run()
#7 {main}
CRITICAL - 2020-11-30 15:46:29 --> Invalid file: formulario.php
#0 D:\Users\emma_\Desktop\Xampp\htdocs\framework\system\View\View.php(228): CodeIgniter\Exceptions\FrameworkException::forInvalidFile('formulario.php')
#1 D:\Users\emma_\Desktop\Xampp\htdocs\framework\system\Common.php(1119): CodeIgniter\View\View->render('formulario', Array, true)
#2 D:\Users\emma_\Desktop\Xampp\htdocs\framework\app\Controllers\Ctrl.php(9): view('formulario')
#3 D:\Users\emma_\Desktop\Xampp\htdocs\framework\system\CodeIgniter.php(918): App\Controllers\Ctrl->index()
#4 D:\Users\emma_\Desktop\Xampp\htdocs\framework\system\CodeIgniter.php(404): CodeIgniter\CodeIgniter->runController(Object(App\Controllers\Ctrl))
#5 D:\Users\emma_\Desktop\Xampp\htdocs\framework\system\CodeIgniter.php(312): CodeIgniter\CodeIgniter->handleRequest(NULL, Object(Config\Cache), false)
#6 D:\Users\emma_\Desktop\Xampp\htdocs\framework\index.php(45): CodeIgniter\CodeIgniter->run()
#7 {main}
CRITICAL - 2020-11-30 15:46:34 --> Invalid file: formulario.php
#0 D:\Users\emma_\Desktop\Xampp\htdocs\framework\system\View\View.php(228): CodeIgniter\Exceptions\FrameworkException::forInvalidFile('formulario.php')
#1 D:\Users\emma_\Desktop\Xampp\htdocs\framework\system\Common.php(1119): CodeIgniter\View\View->render('formulario', Array, true)
#2 D:\Users\emma_\Desktop\Xampp\htdocs\framework\app\Controllers\Ctrl.php(9): view('formulario')
#3 D:\Users\emma_\Desktop\Xampp\htdocs\framework\system\CodeIgniter.php(918): App\Controllers\Ctrl->index()
#4 D:\Users\emma_\Desktop\Xampp\htdocs\framework\system\CodeIgniter.php(404): CodeIgniter\CodeIgniter->runController(Object(App\Controllers\Ctrl))
#5 D:\Users\emma_\Desktop\Xampp\htdocs\framework\system\CodeIgniter.php(312): CodeIgniter\CodeIgniter->handleRequest(NULL, Object(Config\Cache), false)
#6 D:\Users\emma_\Desktop\Xampp\htdocs\framework\index.php(45): CodeIgniter\CodeIgniter->run()
#7 {main}
CRITICAL - 2020-11-30 15:52:22 --> Invalid file: formulario.php
#0 D:\Users\emma_\Desktop\Xampp\htdocs\framework\system\View\View.php(228): CodeIgniter\Exceptions\FrameworkException::forInvalidFile('formulario.php')
#1 D:\Users\emma_\Desktop\Xampp\htdocs\framework\system\Common.php(1119): CodeIgniter\View\View->render('formulario', Array, true)
#2 D:\Users\emma_\Desktop\Xampp\htdocs\framework\app\Controllers\Ctrl.php(9): view('formulario')
#3 D:\Users\emma_\Desktop\Xampp\htdocs\framework\system\CodeIgniter.php(918): App\Controllers\Ctrl->index()
#4 D:\Users\emma_\Desktop\Xampp\htdocs\framework\system\CodeIgniter.php(404): CodeIgniter\CodeIgniter->runController(Object(App\Controllers\Ctrl))
#5 D:\Users\emma_\Desktop\Xampp\htdocs\framework\system\CodeIgniter.php(312): CodeIgniter\CodeIgniter->handleRequest(NULL, Object(Config\Cache), false)
#6 D:\Users\emma_\Desktop\Xampp\htdocs\framework\index.php(45): CodeIgniter\CodeIgniter->run()
#7 {main}
CRITICAL - 2020-11-30 15:52:56 --> Class 'app\Models\bd_model' not found
#0 D:\Users\emma_\Desktop\Xampp\htdocs\framework\system\CodeIgniter.php(918): App\Controllers\Ctrl->index()
#1 D:\Users\emma_\Desktop\Xampp\htdocs\framework\system\CodeIgniter.php(404): CodeIgniter\CodeIgniter->runController(Object(App\Controllers\Ctrl))
#2 D:\Users\emma_\Desktop\Xampp\htdocs\framework\system\CodeIgniter.php(312): CodeIgniter\CodeIgniter->handleRequest(NULL, Object(Config\Cache), false)
#3 D:\Users\emma_\Desktop\Xampp\htdocs\framework\index.php(45): CodeIgniter\CodeIgniter->run()
#4 {main}
CRITICAL - 2020-11-30 15:53:13 --> Class 'app\Models\bd_model' not found
#0 D:\Users\emma_\Desktop\Xampp\htdocs\framework\system\CodeIgniter.php(918): App\Controllers\Ctrl->index()
#1 D:\Users\emma_\Desktop\Xampp\htdocs\framework\system\CodeIgniter.php(404): CodeIgniter\CodeIgniter->runController(Object(App\Controllers\Ctrl))
#2 D:\Users\emma_\Desktop\Xampp\htdocs\framework\system\CodeIgniter.php(312): CodeIgniter\CodeIgniter->handleRequest(NULL, Object(Config\Cache), false)
#3 D:\Users\emma_\Desktop\Xampp\htdocs\framework\index.php(45): CodeIgniter\CodeIgniter->run()
#4 {main}
CRITICAL - 2020-11-30 16:26:03 --> Class 'App\Models\bd_model' not found
#0 D:\Users\emma_\Desktop\Xampp\htdocs\framework\system\CodeIgniter.php(918): App\Controllers\Ctrl->index()
#1 D:\Users\emma_\Desktop\Xampp\htdocs\framework\system\CodeIgniter.php(404): CodeIgniter\CodeIgniter->runController(Object(App\Controllers\Ctrl))
#2 D:\Users\emma_\Desktop\Xampp\htdocs\framework\system\CodeIgniter.php(312): CodeIgniter\CodeIgniter->handleRequest(NULL, Object(Config\Cache), false)
#3 D:\Users\emma_\Desktop\Xampp\htdocs\framework\index.php(45): CodeIgniter\CodeIgniter->run()
#4 {main}
CRITICAL - 2020-11-30 16:28:15 --> Class 'App\Models\bd_model' not found
#0 D:\Users\emma_\Desktop\Xampp\htdocs\framework\system\CodeIgniter.php(918): App\Controllers\Ctrl->index()
#1 D:\Users\emma_\Desktop\Xampp\htdocs\framework\system\CodeIgniter.php(404): CodeIgniter\CodeIgniter->runController(Object(App\Controllers\Ctrl))
#2 D:\Users\emma_\Desktop\Xampp\htdocs\framework\system\CodeIgniter.php(312): CodeIgniter\CodeIgniter->handleRequest(NULL, Object(Config\Cache), false)
#3 D:\Users\emma_\Desktop\Xampp\htdocs\framework\index.php(45): CodeIgniter\CodeIgniter->run()
#4 {main}
CRITICAL - 2020-11-30 16:44:34 --> Unable to connect to the database.
#0 D:\Users\emma_\Desktop\Xampp\htdocs\framework\system\Database\BaseConnection.php(646): CodeIgniter\Database\BaseConnection->initialize()
#1 D:\Users\emma_\Desktop\Xampp\htdocs\framework\system\Database\BaseBuilder.php(2249): CodeIgniter\Database\BaseConnection->query('INSERT INTO `pe...', Array, false)
#2 D:\Users\emma_\Desktop\Xampp\htdocs\framework\system\Model.php(755): CodeIgniter\Database\BaseBuilder->insert()
#3 D:\Users\emma_\Desktop\Xampp\htdocs\framework\app\Controllers\Ctrl.php(17): CodeIgniter\Model->insert(Array)
#4 D:\Users\emma_\Desktop\Xampp\htdocs\framework\system\CodeIgniter.php(918): App\Controllers\Ctrl->index()
#5 D:\Users\emma_\Desktop\Xampp\htdocs\framework\system\CodeIgniter.php(404): CodeIgniter\CodeIgniter->runController(Object(App\Controllers\Ctrl))
#6 D:\Users\emma_\Desktop\Xampp\htdocs\framework\system\CodeIgniter.php(312): CodeIgniter\CodeIgniter->handleRequest(NULL, Object(Config\Cache), false)
#7 D:\Users\emma_\Desktop\Xampp\htdocs\framework\index.php(45): CodeIgniter\CodeIgniter->run()
#8 {main}
CRITICAL - 2020-11-30 16:44:40 --> Unable to connect to the database.
#0 D:\Users\emma_\Desktop\Xampp\htdocs\framework\system\Database\BaseConnection.php(646): CodeIgniter\Database\BaseConnection->initialize()
#1 D:\Users\emma_\Desktop\Xampp\htdocs\framework\system\Database\BaseBuilder.php(2249): CodeIgniter\Database\BaseConnection->query('INSERT INTO `pe...', Array, false)
#2 D:\Users\emma_\Desktop\Xampp\htdocs\framework\system\Model.php(755): CodeIgniter\Database\BaseBuilder->insert()
#3 D:\Users\emma_\Desktop\Xampp\htdocs\framework\app\Controllers\Ctrl.php(17): CodeIgniter\Model->insert(Array)
#4 D:\Users\emma_\Desktop\Xampp\htdocs\framework\system\CodeIgniter.php(918): App\Controllers\Ctrl->index()
#5 D:\Users\emma_\Desktop\Xampp\htdocs\framework\system\CodeIgniter.php(404): CodeIgniter\CodeIgniter->runController(Object(App\Controllers\Ctrl))
#6 D:\Users\emma_\Desktop\Xampp\htdocs\framework\system\CodeIgniter.php(312): CodeIgniter\CodeIgniter->handleRequest(NULL, Object(Config\Cache), false)
#7 D:\Users\emma_\Desktop\Xampp\htdocs\framework\index.php(45): CodeIgniter\CodeIgniter->run()
#8 {main}
CRITICAL - 2020-11-30 16:45:17 --> Unable to connect to the database.
#0 D:\Users\emma_\Desktop\Xampp\htdocs\framework\system\Database\BaseConnection.php(646): CodeIgniter\Database\BaseConnection->initialize()
#1 D:\Users\emma_\Desktop\Xampp\htdocs\framework\system\Database\BaseBuilder.php(2249): CodeIgniter\Database\BaseConnection->query('INSERT INTO `pe...', Array, false)
#2 D:\Users\emma_\Desktop\Xampp\htdocs\framework\system\Model.php(755): CodeIgniter\Database\BaseBuilder->insert()
#3 D:\Users\emma_\Desktop\Xampp\htdocs\framework\app\Controllers\Ctrl.php(17): CodeIgniter\Model->insert(Array)
#4 D:\Users\emma_\Desktop\Xampp\htdocs\framework\system\CodeIgniter.php(918): App\Controllers\Ctrl->index()
#5 D:\Users\emma_\Desktop\Xampp\htdocs\framework\system\CodeIgniter.php(404): CodeIgniter\CodeIgniter->runController(Object(App\Controllers\Ctrl))
#6 D:\Users\emma_\Desktop\Xampp\htdocs\framework\system\CodeIgniter.php(312): CodeIgniter\CodeIgniter->handleRequest(NULL, Object(Config\Cache), false)
#7 D:\Users\emma_\Desktop\Xampp\htdocs\framework\index.php(45): CodeIgniter\CodeIgniter->run()
#8 {main}
CRITICAL - 2020-11-30 16:45:20 --> Unable to connect to the database.
#0 D:\Users\emma_\Desktop\Xampp\htdocs\framework\system\Database\BaseConnection.php(646): CodeIgniter\Database\BaseConnection->initialize()
#1 D:\Users\emma_\Desktop\Xampp\htdocs\framework\system\Database\BaseBuilder.php(2249): CodeIgniter\Database\BaseConnection->query('INSERT INTO `pe...', Array, false)
#2 D:\Users\emma_\Desktop\Xampp\htdocs\framework\system\Model.php(755): CodeIgniter\Database\BaseBuilder->insert()
#3 D:\Users\emma_\Desktop\Xampp\htdocs\framework\app\Controllers\Ctrl.php(17): CodeIgniter\Model->insert(Array)
#4 D:\Users\emma_\Desktop\Xampp\htdocs\framework\system\CodeIgniter.php(918): App\Controllers\Ctrl->index()
#5 D:\Users\emma_\Desktop\Xampp\htdocs\framework\system\CodeIgniter.php(404): CodeIgniter\CodeIgniter->runController(Object(App\Controllers\Ctrl))
#6 D:\Users\emma_\Desktop\Xampp\htdocs\framework\system\CodeIgniter.php(312): CodeIgniter\CodeIgniter->handleRequest(NULL, Object(Config\Cache), false)
#7 D:\Users\emma_\Desktop\Xampp\htdocs\framework\index.php(45): CodeIgniter\CodeIgniter->run()
#8 {main}
CRITICAL - 2020-11-30 16:45:24 --> Unable to connect to the database.
#0 D:\Users\emma_\Desktop\Xampp\htdocs\framework\system\Database\BaseConnection.php(646): CodeIgniter\Database\BaseConnection->initialize()
#1 D:\Users\emma_\Desktop\Xampp\htdocs\framework\system\Database\BaseBuilder.php(2249): CodeIgniter\Database\BaseConnection->query('INSERT INTO `pe...', Array, false)
#2 D:\Users\emma_\Desktop\Xampp\htdocs\framework\system\Model.php(755): CodeIgniter\Database\BaseBuilder->insert()
#3 D:\Users\emma_\Desktop\Xampp\htdocs\framework\app\Controllers\Ctrl.php(17): CodeIgniter\Model->insert(Array)
#4 D:\Users\emma_\Desktop\Xampp\htdocs\framework\system\CodeIgniter.php(918): App\Controllers\Ctrl->index()
#5 D:\Users\emma_\Desktop\Xampp\htdocs\framework\system\CodeIgniter.php(404): CodeIgniter\CodeIgniter->runController(Object(App\Controllers\Ctrl))
#6 D:\Users\emma_\Desktop\Xampp\htdocs\framework\system\CodeIgniter.php(312): CodeIgniter\CodeIgniter->handleRequest(NULL, Object(Config\Cache), false)
#7 D:\Users\emma_\Desktop\Xampp\htdocs\framework\index.php(45): CodeIgniter\CodeIgniter->run()
#8 {main}
CRITICAL - 2020-11-30 17:05:29 --> Unable to connect to the database.
#0 D:\Users\emma_\Desktop\Xampp\htdocs\framework\system\Database\BaseConnection.php(646): CodeIgniter\Database\BaseConnection->initialize()
#1 D:\Users\emma_\Desktop\Xampp\htdocs\framework\system\Database\BaseBuilder.php(2249): CodeIgniter\Database\BaseConnection->query('INSERT INTO `pe...', Array, false)
#2 D:\Users\emma_\Desktop\Xampp\htdocs\framework\system\Model.php(755): CodeIgniter\Database\BaseBuilder->insert()
#3 D:\Users\emma_\Desktop\Xampp\htdocs\framework\app\Controllers\Ctrl.php(17): CodeIgniter\Model->insert(Array)
#4 D:\Users\emma_\Desktop\Xampp\htdocs\framework\system\CodeIgniter.php(918): App\Controllers\Ctrl->index()
#5 D:\Users\emma_\Desktop\Xampp\htdocs\framework\system\CodeIgniter.php(404): CodeIgniter\CodeIgniter->runController(Object(App\Controllers\Ctrl))
#6 D:\Users\emma_\Desktop\Xampp\htdocs\framework\system\CodeIgniter.php(312): CodeIgniter\CodeIgniter->handleRequest(NULL, Object(Config\Cache), false)
#7 D:\Users\emma_\Desktop\Xampp\htdocs\framework\index.php(45): CodeIgniter\CodeIgniter->run()
#8 {main}
CRITICAL - 2020-11-30 17:05:38 --> Unable to connect to the database.
#0 D:\Users\emma_\Desktop\Xampp\htdocs\framework\system\Database\BaseConnection.php(646): CodeIgniter\Database\BaseConnection->initialize()
#1 D:\Users\emma_\Desktop\Xampp\htdocs\framework\system\Database\BaseBuilder.php(2249): CodeIgniter\Database\BaseConnection->query('INSERT INTO `pe...', Array, false)
#2 D:\Users\emma_\Desktop\Xampp\htdocs\framework\system\Model.php(755): CodeIgniter\Database\BaseBuilder->insert()
#3 D:\Users\emma_\Desktop\Xampp\htdocs\framework\app\Controllers\Ctrl.php(17): CodeIgniter\Model->insert(Array)
#4 D:\Users\emma_\Desktop\Xampp\htdocs\framework\system\CodeIgniter.php(918): App\Controllers\Ctrl->index()
#5 D:\Users\emma_\Desktop\Xampp\htdocs\framework\system\CodeIgniter.php(404): CodeIgniter\CodeIgniter->runController(Object(App\Controllers\Ctrl))
#6 D:\Users\emma_\Desktop\Xampp\htdocs\framework\system\CodeIgniter.php(312): CodeIgniter\CodeIgniter->handleRequest(NULL, Object(Config\Cache), false)
#7 D:\Users\emma_\Desktop\Xampp\htdocs\framework\index.php(45): CodeIgniter\CodeIgniter->run()
#8 {main}
CRITICAL - 2020-11-30 17:05:39 --> Unable to connect to the database.
#0 D:\Users\emma_\Desktop\Xampp\htdocs\framework\system\Database\BaseConnection.php(646): CodeIgniter\Database\BaseConnection->initialize()
#1 D:\Users\emma_\Desktop\Xampp\htdocs\framework\system\Database\BaseBuilder.php(2249): CodeIgniter\Database\BaseConnection->query('INSERT INTO `pe...', Array, false)
#2 D:\Users\emma_\Desktop\Xampp\htdocs\framework\system\Model.php(755): CodeIgniter\Database\BaseBuilder->insert()
#3 D:\Users\emma_\Desktop\Xampp\htdocs\framework\app\Controllers\Ctrl.php(17): CodeIgniter\Model->insert(Array)
#4 D:\Users\emma_\Desktop\Xampp\htdocs\framework\system\CodeIgniter.php(918): App\Controllers\Ctrl->index()
#5 D:\Users\emma_\Desktop\Xampp\htdocs\framework\system\CodeIgniter.php(404): CodeIgniter\CodeIgniter->runController(Object(App\Controllers\Ctrl))
#6 D:\Users\emma_\Desktop\Xampp\htdocs\framework\system\CodeIgniter.php(312): CodeIgniter\CodeIgniter->handleRequest(NULL, Object(Config\Cache), false)
#7 D:\Users\emma_\Desktop\Xampp\htdocs\framework\index.php(45): CodeIgniter\CodeIgniter->run()
#8 {main}
CRITICAL - 2020-11-30 17:06:11 --> Unable to connect to the database.
#0 D:\Users\emma_\Desktop\Xampp\htdocs\framework\system\Database\BaseConnection.php(646): CodeIgniter\Database\BaseConnection->initialize()
#1 D:\Users\emma_\Desktop\Xampp\htdocs\framework\system\Database\BaseBuilder.php(2249): CodeIgniter\Database\BaseConnection->query('INSERT INTO `pe...', Array, false)
#2 D:\Users\emma_\Desktop\Xampp\htdocs\framework\system\Model.php(755): CodeIgniter\Database\BaseBuilder->insert()
#3 D:\Users\emma_\Desktop\Xampp\htdocs\framework\app\Controllers\Ctrl.php(17): CodeIgniter\Model->insert(Array)
#4 D:\Users\emma_\Desktop\Xampp\htdocs\framework\system\CodeIgniter.php(918): App\Controllers\Ctrl->index()
#5 D:\Users\emma_\Desktop\Xampp\htdocs\framework\system\CodeIgniter.php(404): CodeIgniter\CodeIgniter->runController(Object(App\Controllers\Ctrl))
#6 D:\Users\emma_\Desktop\Xampp\htdocs\framework\system\CodeIgniter.php(312): CodeIgniter\CodeIgniter->handleRequest(NULL, Object(Config\Cache), false)
#7 D:\Users\emma_\Desktop\Xampp\htdocs\framework\index.php(45): CodeIgniter\CodeIgniter->run()
#8 {main}
CRITICAL - 2020-11-30 17:22:47 --> Unable to connect to the database.
#0 D:\Users\emma_\Desktop\Xampp\htdocs\framework\system\Database\BaseConnection.php(646): CodeIgniter\Database\BaseConnection->initialize()
#1 D:\Users\emma_\Desktop\Xampp\htdocs\framework\system\Database\BaseBuilder.php(2249): CodeIgniter\Database\BaseConnection->query('INSERT INTO `pe...', Array, false)
#2 D:\Users\emma_\Desktop\Xampp\htdocs\framework\system\Model.php(755): CodeIgniter\Database\BaseBuilder->insert()
#3 D:\Users\emma_\Desktop\Xampp\htdocs\framework\app\Controllers\Ctrl.php(23): CodeIgniter\Model->insert(Array)
#4 D:\Users\emma_\Desktop\Xampp\htdocs\framework\system\CodeIgniter.php(918): App\Controllers\Ctrl->index()
#5 D:\Users\emma_\Desktop\Xampp\htdocs\framework\system\CodeIgniter.php(404): CodeIgniter\CodeIgniter->runController(Object(App\Controllers\Ctrl))
#6 D:\Users\emma_\Desktop\Xampp\htdocs\framework\system\CodeIgniter.php(312): CodeIgniter\CodeIgniter->handleRequest(NULL, Object(Config\Cache), false)
#7 D:\Users\emma_\Desktop\Xampp\htdocs\framework\index.php(45): CodeIgniter\CodeIgniter->run()
#8 {main}
CRITICAL - 2020-11-30 18:47:58 --> Unable to connect to the database.
#0 D:\Users\emma_\Desktop\Xampp\htdocs\framework\system\Database\BaseConnection.php(646): CodeIgniter\Database\BaseConnection->initialize()
#1 D:\Users\emma_\Desktop\Xampp\htdocs\framework\system\Database\BaseBuilder.php(2249): CodeIgniter\Database\BaseConnection->query('INSERT INTO `pe...', Array, false)
#2 D:\Users\emma_\Desktop\Xampp\htdocs\framework\system\Model.php(755): CodeIgniter\Database\BaseBuilder->insert()
#3 D:\Users\emma_\Desktop\Xampp\htdocs\framework\app\Controllers\Ctrl.php(23): CodeIgniter\Model->insert(Array)
#4 D:\Users\emma_\Desktop\Xampp\htdocs\framework\system\CodeIgniter.php(918): App\Controllers\Ctrl->index()
#5 D:\Users\emma_\Desktop\Xampp\htdocs\framework\system\CodeIgniter.php(404): CodeIgniter\CodeIgniter->runController(Object(App\Controllers\Ctrl))
#6 D:\Users\emma_\Desktop\Xampp\htdocs\framework\system\CodeIgniter.php(312): CodeIgniter\CodeIgniter->handleRequest(NULL, Object(Config\Cache), false)
#7 D:\Users\emma_\Desktop\Xampp\htdocs\framework\index.php(45): CodeIgniter\CodeIgniter->run()
#8 {main}
CRITICAL - 2020-11-30 19:24:23 --> Cannot redeclare App\Controllers\Noticias::PaginaP()
#0 [internal function]: CodeIgniter\Debug\Exceptions->shutdownHandler()
#1 {main}
CRITICAL - 2020-11-30 19:24:54 --> Cannot redeclare App\Controllers\Noticias::PaginaP()
#0 [internal function]: CodeIgniter\Debug\Exceptions->shutdownHandler()
#1 {main}
CRITICAL - 2020-11-30 20:31:47 --> Unable to connect to the database.
#0 D:\Users\emma_\Desktop\Xampp\htdocs\framework\system\Database\BaseConnection.php(646): CodeIgniter\Database\BaseConnection->initialize()
#1 D:\Users\emma_\Desktop\Xampp\htdocs\framework\system\Database\BaseBuilder.php(2249): CodeIgniter\Database\BaseConnection->query('INSERT INTO `pe...', Array, false)
#2 D:\Users\emma_\Desktop\Xampp\htdocs\framework\system\Model.php(755): CodeIgniter\Database\BaseBuilder->insert()
#3 D:\Users\emma_\Desktop\Xampp\htdocs\framework\app\Controllers\Ctrl.php(23): CodeIgniter\Model->insert(Array)
#4 D:\Users\emma_\Desktop\Xampp\htdocs\framework\system\CodeIgniter.php(918): App\Controllers\Ctrl->index()
#5 D:\Users\emma_\Desktop\Xampp\htdocs\framework\system\CodeIgniter.php(404): CodeIgniter\CodeIgniter->runController(Object(App\Controllers\Ctrl))
#6 D:\Users\emma_\Desktop\Xampp\htdocs\framework\system\CodeIgniter.php(312): CodeIgniter\CodeIgniter->handleRequest(NULL, Object(Config\Cache), false)
#7 D:\Users\emma_\Desktop\Xampp\htdocs\framework\index.php(45): CodeIgniter\CodeIgniter->run()
#8 {main}
CRITICAL - 2020-11-30 20:31:54 --> Unable to connect to the database.
#0 D:\Users\emma_\Desktop\Xampp\htdocs\framework\system\Database\BaseConnection.php(646): CodeIgniter\Database\BaseConnection->initialize()
#1 D:\Users\emma_\Desktop\Xampp\htdocs\framework\system\Database\BaseBuilder.php(2249): CodeIgniter\Database\BaseConnection->query('INSERT INTO `pe...', Array, false)
#2 D:\Users\emma_\Desktop\Xampp\htdocs\framework\system\Model.php(755): CodeIgniter\Database\BaseBuilder->insert()
#3 D:\Users\emma_\Desktop\Xampp\htdocs\framework\app\Controllers\Ctrl.php(23): CodeIgniter\Model->insert(Array)
#4 D:\Users\emma_\Desktop\Xampp\htdocs\framework\system\CodeIgniter.php(918): App\Controllers\Ctrl->index()
#5 D:\Users\emma_\Desktop\Xampp\htdocs\framework\system\CodeIgniter.php(404): CodeIgniter\CodeIgniter->runController(Object(App\Controllers\Ctrl))
#6 D:\Users\emma_\Desktop\Xampp\htdocs\framework\system\CodeIgniter.php(312): CodeIgniter\CodeIgniter->handleRequest(NULL, Object(Config\Cache), false)
#7 D:\Users\emma_\Desktop\Xampp\htdocs\framework\index.php(45): CodeIgniter\CodeIgniter->run()
#8 {main}
CRITICAL - 2020-11-30 20:32:00 --> Unable to connect to the database.
#0 D:\Users\emma_\Desktop\Xampp\htdocs\framework\system\Database\BaseConnection.php(646): CodeIgniter\Database\BaseConnection->initialize()
#1 D:\Users\emma_\Desktop\Xampp\htdocs\framework\system\Database\BaseBuilder.php(2249): CodeIgniter\Database\BaseConnection->query('INSERT INTO `pe...', Array, false)
#2 D:\Users\emma_\Desktop\Xampp\htdocs\framework\system\Model.php(755): CodeIgniter\Database\BaseBuilder->insert()
#3 D:\Users\emma_\Desktop\Xampp\htdocs\framework\app\Controllers\Ctrl.php(23): CodeIgniter\Model->insert(Array)
#4 D:\Users\emma_\Desktop\Xampp\htdocs\framework\system\CodeIgniter.php(918): App\Controllers\Ctrl->index()
#5 D:\Users\emma_\Desktop\Xampp\htdocs\framework\system\CodeIgniter.php(404): CodeIgniter\CodeIgniter->runController(Object(App\Controllers\Ctrl))
#6 D:\Users\emma_\Desktop\Xampp\htdocs\framework\system\CodeIgniter.php(312): CodeIgniter\CodeIgniter->handleRequest(NULL, Object(Config\Cache), false)
#7 D:\Users\emma_\Desktop\Xampp\htdocs\framework\index.php(45): CodeIgniter\CodeIgniter->run()
#8 {main}
CRITICAL - 2020-11-30 20:32:21 --> Unable to connect to the database.
#0 D:\Users\emma_\Desktop\Xampp\htdocs\framework\system\Database\BaseConnection.php(646): CodeIgniter\Database\BaseConnection->initialize()
#1 D:\Users\emma_\Desktop\Xampp\htdocs\framework\system\Database\BaseBuilder.php(2249): CodeIgniter\Database\BaseConnection->query('INSERT INTO `pe...', Array, false)
#2 D:\Users\emma_\Desktop\Xampp\htdocs\framework\system\Model.php(755): CodeIgniter\Database\BaseBuilder->insert()
#3 D:\Users\emma_\Desktop\Xampp\htdocs\framework\app\Controllers\Ctrl.php(23): CodeIgniter\Model->insert(Array)
#4 D:\Users\emma_\Desktop\Xampp\htdocs\framework\system\CodeIgniter.php(918): App\Controllers\Ctrl->index()
#5 D:\Users\emma_\Desktop\Xampp\htdocs\framework\system\CodeIgniter.php(404): CodeIgniter\CodeIgniter->runController(Object(App\Controllers\Ctrl))
#6 D:\Users\emma_\Desktop\Xampp\htdocs\framework\system\CodeIgniter.php(312): CodeIgniter\CodeIgniter->handleRequest(NULL, Object(Config\Cache), false)
#7 D:\Users\emma_\Desktop\Xampp\htdocs\framework\index.php(45): CodeIgniter\CodeIgniter->run()
#8 {main}
CRITICAL - 2020-11-30 20:33:18 --> Unable to connect to the database.
#0 D:\Users\emma_\Desktop\Xampp\htdocs\framework\system\Database\BaseConnection.php(646): CodeIgniter\Database\BaseConnection->initialize()
#1 D:\Users\emma_\Desktop\Xampp\htdocs\framework\system\Database\BaseBuilder.php(2249): CodeIgniter\Database\BaseConnection->query('INSERT INTO `pe...', Array, false)
#2 D:\Users\emma_\Desktop\Xampp\htdocs\framework\system\Model.php(755): CodeIgniter\Database\BaseBuilder->insert()
#3 D:\Users\emma_\Desktop\Xampp\htdocs\framework\app\Controllers\Ctrl.php(23): CodeIgniter\Model->insert(Array)
#4 D:\Users\emma_\Desktop\Xampp\htdocs\framework\system\CodeIgniter.php(918): App\Controllers\Ctrl->index()
#5 D:\Users\emma_\Desktop\Xampp\htdocs\framework\system\CodeIgniter.php(404): CodeIgniter\CodeIgniter->runController(Object(App\Controllers\Ctrl))
#6 D:\Users\emma_\Desktop\Xampp\htdocs\framework\system\CodeIgniter.php(312): CodeIgniter\CodeIgniter->handleRequest(NULL, Object(Config\Cache), false)
#7 D:\Users\emma_\Desktop\Xampp\htdocs\framework\index.php(45): CodeIgniter\CodeIgniter->run()
#8 {main}
CRITICAL - 2020-11-30 20:33:19 --> Unable to connect to the database.
#0 D:\Users\emma_\Desktop\Xampp\htdocs\framework\system\Database\BaseConnection.php(646): CodeIgniter\Database\BaseConnection->initialize()
#1 D:\Users\emma_\Desktop\Xampp\htdocs\framework\system\Database\BaseBuilder.php(2249): CodeIgniter\Database\BaseConnection->query('INSERT INTO `pe...', Array, false)
#2 D:\Users\emma_\Desktop\Xampp\htdocs\framework\system\Model.php(755): CodeIgniter\Database\BaseBuilder->insert()
#3 D:\Users\emma_\Desktop\Xampp\htdocs\framework\app\Controllers\Ctrl.php(23): CodeIgniter\Model->insert(Array)
#4 D:\Users\emma_\Desktop\Xampp\htdocs\framework\system\CodeIgniter.php(918): App\Controllers\Ctrl->index()
#5 D:\Users\emma_\Desktop\Xampp\htdocs\framework\system\CodeIgniter.php(404): CodeIgniter\CodeIgniter->runController(Object(App\Controllers\Ctrl))
#6 D:\Users\emma_\Desktop\Xampp\htdocs\framework\system\CodeIgniter.php(312): CodeIgniter\CodeIgniter->handleRequest(NULL, Object(Config\Cache), false)
#7 D:\Users\emma_\Desktop\Xampp\htdocs\framework\index.php(45): CodeIgniter\CodeIgniter->run()
#8 {main}
CRITICAL - 2020-11-30 20:36:19 --> Unable to connect to the database.
#0 D:\Users\emma_\Desktop\Xampp\htdocs\framework\system\Database\BaseConnection.php(646): CodeIgniter\Database\BaseConnection->initialize()
#1 D:\Users\emma_\Desktop\Xampp\htdocs\framework\system\Database\BaseBuilder.php(2249): CodeIgniter\Database\BaseConnection->query('INSERT INTO `pe...', Array, false)
#2 D:\Users\emma_\Desktop\Xampp\htdocs\framework\system\Model.php(755): CodeIgniter\Database\BaseBuilder->insert()
#3 D:\Users\emma_\Desktop\Xampp\htdocs\framework\app\Controllers\Ctrl.php(23): CodeIgniter\Model->insert(Array)
#4 D:\Users\emma_\Desktop\Xampp\htdocs\framework\system\CodeIgniter.php(918): App\Controllers\Ctrl->index()
#5 D:\Users\emma_\Desktop\Xampp\htdocs\framework\system\CodeIgniter.php(404): CodeIgniter\CodeIgniter->runController(Object(App\Controllers\Ctrl))
#6 D:\Users\emma_\Desktop\Xampp\htdocs\framework\system\CodeIgniter.php(312): CodeIgniter\CodeIgniter->handleRequest(NULL, Object(Config\Cache), false)
#7 D:\Users\emma_\Desktop\Xampp\htdocs\framework\index.php(45): CodeIgniter\CodeIgniter->run()
#8 {main}
CRITICAL - 2020-11-30 20:36:20 --> Unable to connect to the database.
#0 D:\Users\emma_\Desktop\Xampp\htdocs\framework\system\Database\BaseConnection.php(646): CodeIgniter\Database\BaseConnection->initialize()
#1 D:\Users\emma_\Desktop\Xampp\htdocs\framework\system\Database\BaseBuilder.php(2249): CodeIgniter\Database\BaseConnection->query('INSERT INTO `pe...', Array, false)
#2 D:\Users\emma_\Desktop\Xampp\htdocs\framework\system\Model.php(755): CodeIgniter\Database\BaseBuilder->insert()
#3 D:\Users\emma_\Desktop\Xampp\htdocs\framework\app\Controllers\Ctrl.php(23): CodeIgniter\Model->insert(Array)
#4 D:\Users\emma_\Desktop\Xampp\htdocs\framework\system\CodeIgniter.php(918): App\Controllers\Ctrl->index()
#5 D:\Users\emma_\Desktop\Xampp\htdocs\framework\system\CodeIgniter.php(404): CodeIgniter\CodeIgniter->runController(Object(App\Controllers\Ctrl))
#6 D:\Users\emma_\Desktop\Xampp\htdocs\framework\system\CodeIgniter.php(312): CodeIgniter\CodeIgniter->handleRequest(NULL, Object(Config\Cache), false)
#7 D:\Users\emma_\Desktop\Xampp\htdocs\framework\index.php(45): CodeIgniter\CodeIgniter->run()
#8 {main}
CRITICAL - 2020-11-30 20:36:20 --> Unable to connect to the database.
#0 D:\Users\emma_\Desktop\Xampp\htdocs\framework\system\Database\BaseConnection.php(646): CodeIgniter\Database\BaseConnection->initialize()
#1 D:\Users\emma_\Desktop\Xampp\htdocs\framework\system\Database\BaseBuilder.php(2249): CodeIgniter\Database\BaseConnection->query('INSERT INTO `pe...', Array, false)
#2 D:\Users\emma_\Desktop\Xampp\htdocs\framework\system\Model.php(755): CodeIgniter\Database\BaseBuilder->insert()
#3 D:\Users\emma_\Desktop\Xampp\htdocs\framework\app\Controllers\Ctrl.php(23): CodeIgniter\Model->insert(Array)
#4 D:\Users\emma_\Desktop\Xampp\htdocs\framework\system\CodeIgniter.php(918): App\Controllers\Ctrl->index()
#5 D:\Users\emma_\Desktop\Xampp\htdocs\framework\system\CodeIgniter.php(404): CodeIgniter\CodeIgniter->runController(Object(App\Controllers\Ctrl))
#6 D:\Users\emma_\Desktop\Xampp\htdocs\framework\system\CodeIgniter.php(312): CodeIgniter\CodeIgniter->handleRequest(NULL, Object(Config\Cache), false)
#7 D:\Users\emma_\Desktop\Xampp\htdocs\framework\index.php(45): CodeIgniter\CodeIgniter->run()
#8 {main}
CRITICAL - 2020-11-30 20:37:03 --> Unable to connect to the database.
#0 D:\Users\emma_\Desktop\Xampp\htdocs\framework\system\Database\BaseConnection.php(646): CodeIgniter\Database\BaseConnection->initialize()
#1 D:\Users\emma_\Desktop\Xampp\htdocs\framework\system\Database\BaseBuilder.php(2249): CodeIgniter\Database\BaseConnection->query('INSERT INTO `pe...', Array, false)
#2 D:\Users\emma_\Desktop\Xampp\htdocs\framework\system\Model.php(755): CodeIgniter\Database\BaseBuilder->insert()
#3 D:\Users\emma_\Desktop\Xampp\htdocs\framework\app\Controllers\Ctrl.php(23): CodeIgniter\Model->insert(Array)
#4 D:\Users\emma_\Desktop\Xampp\htdocs\framework\system\CodeIgniter.php(918): App\Controllers\Ctrl->index()
#5 D:\Users\emma_\Desktop\Xampp\htdocs\framework\system\CodeIgniter.php(404): CodeIgniter\CodeIgniter->runController(Object(App\Controllers\Ctrl))
#6 D:\Users\emma_\Desktop\Xampp\htdocs\framework\system\CodeIgniter.php(312): CodeIgniter\CodeIgniter->handleRequest(NULL, Object(Config\Cache), false)
#7 D:\Users\emma_\Desktop\Xampp\htdocs\framework\index.php(45): CodeIgniter\CodeIgniter->run()
#8 {main}
CRITICAL - 2020-11-30 20:37:04 --> Unable to connect to the database.
#0 D:\Users\emma_\Desktop\Xampp\htdocs\framework\system\Database\BaseConnection.php(646): CodeIgniter\Database\BaseConnection->initialize()
#1 D:\Users\emma_\Desktop\Xampp\htdocs\framework\system\Database\BaseBuilder.php(2249): CodeIgniter\Database\BaseConnection->query('INSERT INTO `pe...', Array, false)
#2 D:\Users\emma_\Desktop\Xampp\htdocs\framework\system\Model.php(755): CodeIgniter\Database\BaseBuilder->insert()
#3 D:\Users\emma_\Desktop\Xampp\htdocs\framework\app\Controllers\Ctrl.php(23): CodeIgniter\Model->insert(Array)
#4 D:\Users\emma_\Desktop\Xampp\htdocs\framework\system\CodeIgniter.php(918): App\Controllers\Ctrl->index()
#5 D:\Users\emma_\Desktop\Xampp\htdocs\framework\system\CodeIgniter.php(404): CodeIgniter\CodeIgniter->runController(Object(App\Controllers\Ctrl))
#6 D:\Users\emma_\Desktop\Xampp\htdocs\framework\system\CodeIgniter.php(312): CodeIgniter\CodeIgniter->handleRequest(NULL, Object(Config\Cache), false)
#7 D:\Users\emma_\Desktop\Xampp\htdocs\framework\index.php(45): CodeIgniter\CodeIgniter->run()
#8 {main}
CRITICAL - 2020-11-30 20:37:05 --> Unable to connect to the database.
#0 D:\Users\emma_\Desktop\Xampp\htdocs\framework\system\Database\BaseConnection.php(646): CodeIgniter\Database\BaseConnection->initialize()
#1 D:\Users\emma_\Desktop\Xampp\htdocs\framework\system\Database\BaseBuilder.php(2249): CodeIgniter\Database\BaseConnection->query('INSERT INTO `pe...', Array, false)
#2 D:\Users\emma_\Desktop\Xampp\htdocs\framework\system\Model.php(755): CodeIgniter\Database\BaseBuilder->insert()
#3 D:\Users\emma_\Desktop\Xampp\htdocs\framework\app\Controllers\Ctrl.php(23): CodeIgniter\Model->insert(Array)
#4 D:\Users\emma_\Desktop\Xampp\htdocs\framework\system\CodeIgniter.php(918): App\Controllers\Ctrl->index()
#5 D:\Users\emma_\Desktop\Xampp\htdocs\framework\system\CodeIgniter.php(404): CodeIgniter\CodeIgniter->runController(Object(App\Controllers\Ctrl))
#6 D:\Users\emma_\Desktop\Xampp\htdocs\framework\system\CodeIgniter.php(312): CodeIgniter\CodeIgniter->handleRequest(NULL, Object(Config\Cache), false)
#7 D:\Users\emma_\Desktop\Xampp\htdocs\framework\index.php(45): CodeIgniter\CodeIgniter->run()
#8 {main}
CRITICAL - 2020-11-30 20:37:05 --> Unable to connect to the database.
#0 D:\Users\emma_\Desktop\Xampp\htdocs\framework\system\Database\BaseConnection.php(646): CodeIgniter\Database\BaseConnection->initialize()
#1 D:\Users\emma_\Desktop\Xampp\htdocs\framework\system\Database\BaseBuilder.php(2249): CodeIgniter\Database\BaseConnection->query('INSERT INTO `pe...', Array, false)
#2 D:\Users\emma_\Desktop\Xampp\htdocs\framework\system\Model.php(755): CodeIgniter\Database\BaseBuilder->insert()
#3 D:\Users\emma_\Desktop\Xampp\htdocs\framework\app\Controllers\Ctrl.php(23): CodeIgniter\Model->insert(Array)
#4 D:\Users\emma_\Desktop\Xampp\htdocs\framework\system\CodeIgniter.php(918): App\Controllers\Ctrl->index()
#5 D:\Users\emma_\Desktop\Xampp\htdocs\framework\system\CodeIgniter.php(404): CodeIgniter\CodeIgniter->runController(Object(App\Controllers\Ctrl))
#6 D:\Users\emma_\Desktop\Xampp\htdocs\framework\system\CodeIgniter.php(312): CodeIgniter\CodeIgniter->handleRequest(NULL, Object(Config\Cache), false)
#7 D:\Users\emma_\Desktop\Xampp\htdocs\framework\index.php(45): CodeIgniter\CodeIgniter->run()
#8 {main}
CRITICAL - 2020-11-30 20:37:05 --> Unable to connect to the database.
#0 D:\Users\emma_\Desktop\Xampp\htdocs\framework\system\Database\BaseConnection.php(646): CodeIgniter\Database\BaseConnection->initialize()
#1 D:\Users\emma_\Desktop\Xampp\htdocs\framework\system\Database\BaseBuilder.php(2249): CodeIgniter\Database\BaseConnection->query('INSERT INTO `pe...', Array, false)
#2 D:\Users\emma_\Desktop\Xampp\htdocs\framework\system\Model.php(755): CodeIgniter\Database\BaseBuilder->insert()
#3 D:\Users\emma_\Desktop\Xampp\htdocs\framework\app\Controllers\Ctrl.php(23): CodeIgniter\Model->insert(Array)
#4 D:\Users\emma_\Desktop\Xampp\htdocs\framework\system\CodeIgniter.php(918): App\Controllers\Ctrl->index()
#5 D:\Users\emma_\Desktop\Xampp\htdocs\framework\system\CodeIgniter.php(404): CodeIgniter\CodeIgniter->runController(Object(App\Controllers\Ctrl))
#6 D:\Users\emma_\Desktop\Xampp\htdocs\framework\system\CodeIgniter.php(312): CodeIgniter\CodeIgniter->handleRequest(NULL, Object(Config\Cache), false)
#7 D:\Users\emma_\Desktop\Xampp\htdocs\framework\index.php(45): CodeIgniter\CodeIgniter->run()
#8 {main}
CRITICAL - 2020-11-30 20:37:06 --> Unable to connect to the database.
#0 D:\Users\emma_\Desktop\Xampp\htdocs\framework\system\Database\BaseConnection.php(646): CodeIgniter\Database\BaseConnection->initialize()
#1 D:\Users\emma_\Desktop\Xampp\htdocs\framework\system\Database\BaseBuilder.php(2249): CodeIgniter\Database\BaseConnection->query('INSERT INTO `pe...', Array, false)
#2 D:\Users\emma_\Desktop\Xampp\htdocs\framework\system\Model.php(755): CodeIgniter\Database\BaseBuilder->insert()
#3 D:\Users\emma_\Desktop\Xampp\htdocs\framework\app\Controllers\Ctrl.php(23): CodeIgniter\Model->insert(Array)
#4 D:\Users\emma_\Desktop\Xampp\htdocs\framework\system\CodeIgniter.php(918): App\Controllers\Ctrl->index()
#5 D:\Users\emma_\Desktop\Xampp\htdocs\framework\system\CodeIgniter.php(404): CodeIgniter\CodeIgniter->runController(Object(App\Controllers\Ctrl))
#6 D:\Users\emma_\Desktop\Xampp\htdocs\framework\system\CodeIgniter.php(312): CodeIgniter\CodeIgniter->handleRequest(NULL, Object(Config\Cache), false)
#7 D:\Users\emma_\Desktop\Xampp\htdocs\framework\index.php(45): CodeIgniter\CodeIgniter->run()
#8 {main}
CRITICAL - 2020-11-30 20:37:06 --> Unable to connect to the database.
#0 D:\Users\emma_\Desktop\Xampp\htdocs\framework\system\Database\BaseConnection.php(646): CodeIgniter\Database\BaseConnection->initialize()
#1 D:\Users\emma_\Desktop\Xampp\htdocs\framework\system\Database\BaseBuilder.php(2249): CodeIgniter\Database\BaseConnection->query('INSERT INTO `pe...', Array, false)
#2 D:\Users\emma_\Desktop\Xampp\htdocs\framework\system\Model.php(755): CodeIgniter\Database\BaseBuilder->insert()
#3 D:\Users\emma_\Desktop\Xampp\htdocs\framework\app\Controllers\Ctrl.php(23): CodeIgniter\Model->insert(Array)
#4 D:\Users\emma_\Desktop\Xampp\htdocs\framework\system\CodeIgniter.php(918): App\Controllers\Ctrl->index()
#5 D:\Users\emma_\Desktop\Xampp\htdocs\framework\system\CodeIgniter.php(404): CodeIgniter\CodeIgniter->runController(Object(App\Controllers\Ctrl))
#6 D:\Users\emma_\Desktop\Xampp\htdocs\framework\system\CodeIgniter.php(312): CodeIgniter\CodeIgniter->handleRequest(NULL, Object(Config\Cache), false)
#7 D:\Users\emma_\Desktop\Xampp\htdocs\framework\index.php(45): CodeIgniter\CodeIgniter->run()
#8 {main}
CRITICAL - 2020-11-30 20:37:06 --> Unable to connect to the database.
#0 D:\Users\emma_\Desktop\Xampp\htdocs\framework\system\Database\BaseConnection.php(646): CodeIgniter\Database\BaseConnection->initialize()
#1 D:\Users\emma_\Desktop\Xampp\htdocs\framework\system\Database\BaseBuilder.php(2249): CodeIgniter\Database\BaseConnection->query('INSERT INTO `pe...', Array, false)
#2 D:\Users\emma_\Desktop\Xampp\htdocs\framework\system\Model.php(755): CodeIgniter\Database\BaseBuilder->insert()
#3 D:\Users\emma_\Desktop\Xampp\htdocs\framework\app\Controllers\Ctrl.php(23): CodeIgniter\Model->insert(Array)
#4 D:\Users\emma_\Desktop\Xampp\htdocs\framework\system\CodeIgniter.php(918): App\Controllers\Ctrl->index()
#5 D:\Users\emma_\Desktop\Xampp\htdocs\framework\system\CodeIgniter.php(404): CodeIgniter\CodeIgniter->runController(Object(App\Controllers\Ctrl))
#6 D:\Users\emma_\Desktop\Xampp\htdocs\framework\system\CodeIgniter.php(312): CodeIgniter\CodeIgniter->handleRequest(NULL, Object(Config\Cache), false)
#7 D:\Users\emma_\Desktop\Xampp\htdocs\framework\index.php(45): CodeIgniter\CodeIgniter->run()
#8 {main}
CRITICAL - 2020-11-30 20:37:07 --> Unable to connect to the database.
#0 D:\Users\emma_\Desktop\Xampp\htdocs\framework\system\Database\BaseConnection.php(646): CodeIgniter\Database\BaseConnection->initialize()
#1 D:\Users\emma_\Desktop\Xampp\htdocs\framework\system\Database\BaseBuilder.php(2249): CodeIgniter\Database\BaseConnection->query('INSERT INTO `pe...', Array, false)
#2 D:\Users\emma_\Desktop\Xampp\htdocs\framework\system\Model.php(755): CodeIgniter\Database\BaseBuilder->insert()
#3 D:\Users\emma_\Desktop\Xampp\htdocs\framework\app\Controllers\Ctrl.php(23): CodeIgniter\Model->insert(Array)
#4 D:\Users\emma_\Desktop\Xampp\htdocs\framework\system\CodeIgniter.php(918): App\Controllers\Ctrl->index()
#5 D:\Users\emma_\Desktop\Xampp\htdocs\framework\system\CodeIgniter.php(404): CodeIgniter\CodeIgniter->runController(Object(App\Controllers\Ctrl))
#6 D:\Users\emma_\Desktop\Xampp\htdocs\framework\system\CodeIgniter.php(312): CodeIgniter\CodeIgniter->handleRequest(NULL, Object(Config\Cache), false)
#7 D:\Users\emma_\Desktop\Xampp\htdocs\framework\index.php(45): CodeIgniter\CodeIgniter->run()
#8 {main}
CRITICAL - 2020-11-30 20:37:07 --> Unable to connect to the database.
#0 D:\Users\emma_\Desktop\Xampp\htdocs\framework\system\Database\BaseConnection.php(646): CodeIgniter\Database\BaseConnection->initialize()
#1 D:\Users\emma_\Desktop\Xampp\htdocs\framework\system\Database\BaseBuilder.php(2249): CodeIgniter\Database\BaseConnection->query('INSERT INTO `pe...', Array, false)
#2 D:\Users\emma_\Desktop\Xampp\htdocs\framework\system\Model.php(755): CodeIgniter\Database\BaseBuilder->insert()
#3 D:\Users\emma_\Desktop\Xampp\htdocs\framework\app\Controllers\Ctrl.php(23): CodeIgniter\Model->insert(Array)
#4 D:\Users\emma_\Desktop\Xampp\htdocs\framework\system\CodeIgniter.php(918): App\Controllers\Ctrl->index()
#5 D:\Users\emma_\Desktop\Xampp\htdocs\framework\system\CodeIgniter.php(404): CodeIgniter\CodeIgniter->runController(Object(App\Controllers\Ctrl))
#6 D:\Users\emma_\Desktop\Xampp\htdocs\framework\system\CodeIgniter.php(312): CodeIgniter\CodeIgniter->handleRequest(NULL, Object(Config\Cache), false)
#7 D:\Users\emma_\Desktop\Xampp\htdocs\framework\index.php(45): CodeIgniter\CodeIgniter->run()
#8 {main}
CRITICAL - 2020-11-30 20:37:07 --> Unable to connect to the database.
#0 D:\Users\emma_\Desktop\Xampp\htdocs\framework\system\Database\BaseConnection.php(646): CodeIgniter\Database\BaseConnection->initialize()
#1 D:\Users\emma_\Desktop\Xampp\htdocs\framework\system\Database\BaseBuilder.php(2249): CodeIgniter\Database\BaseConnection->query('INSERT INTO `pe...', Array, false)
#2 D:\Users\emma_\Desktop\Xampp\htdocs\framework\system\Model.php(755): CodeIgniter\Database\BaseBuilder->insert()
#3 D:\Users\emma_\Desktop\Xampp\htdocs\framework\app\Controllers\Ctrl.php(23): CodeIgniter\Model->insert(Array)
#4 D:\Users\emma_\Desktop\Xampp\htdocs\framework\system\CodeIgniter.php(918): App\Controllers\Ctrl->index()
#5 D:\Users\emma_\Desktop\Xampp\htdocs\framework\system\CodeIgniter.php(404): CodeIgniter\CodeIgniter->runController(Object(App\Controllers\Ctrl))
#6 D:\Users\emma_\Desktop\Xampp\htdocs\framework\system\CodeIgniter.php(312): CodeIgniter\CodeIgniter->handleRequest(NULL, Object(Config\Cache), false)
#7 D:\Users\emma_\Desktop\Xampp\htdocs\framework\index.php(45): CodeIgniter\CodeIgniter->run()
#8 {main}
CRITICAL - 2020-11-30 20:37:08 --> Unable to connect to the database.
#0 D:\Users\emma_\Desktop\Xampp\htdocs\framework\system\Database\BaseConnection.php(646): CodeIgniter\Database\BaseConnection->initialize()
#1 D:\Users\emma_\Desktop\Xampp\htdocs\framework\system\Database\BaseBuilder.php(2249): CodeIgniter\Database\BaseConnection->query('INSERT INTO `pe...', Array, false)
#2 D:\Users\emma_\Desktop\Xampp\htdocs\framework\system\Model.php(755): CodeIgniter\Database\BaseBuilder->insert()
#3 D:\Users\emma_\Desktop\Xampp\htdocs\framework\app\Controllers\Ctrl.php(23): CodeIgniter\Model->insert(Array)
#4 D:\Users\emma_\Desktop\Xampp\htdocs\framework\system\CodeIgniter.php(918): App\Controllers\Ctrl->index()
#5 D:\Users\emma_\Desktop\Xampp\htdocs\framework\system\CodeIgniter.php(404): CodeIgniter\CodeIgniter->runController(Object(App\Controllers\Ctrl))
#6 D:\Users\emma_\Desktop\Xampp\htdocs\framework\system\CodeIgniter.php(312): CodeIgniter\CodeIgniter->handleRequest(NULL, Object(Config\Cache), false)
#7 D:\Users\emma_\Desktop\Xampp\htdocs\framework\index.php(45): CodeIgniter\CodeIgniter->run()
#8 {main}
CRITICAL - 2020-11-30 20:37:41 --> Unable to connect to the database.
#0 D:\Users\emma_\Desktop\Xampp\htdocs\framework\system\Database\BaseConnection.php(646): CodeIgniter\Database\BaseConnection->initialize()
#1 D:\Users\emma_\Desktop\Xampp\htdocs\framework\system\Database\BaseBuilder.php(2249): CodeIgniter\Database\BaseConnection->query('INSERT INTO `pe...', Array, false)
#2 D:\Users\emma_\Desktop\Xampp\htdocs\framework\system\Model.php(755): CodeIgniter\Database\BaseBuilder->insert()
#3 D:\Users\emma_\Desktop\Xampp\htdocs\framework\app\Controllers\Ctrl.php(23): CodeIgniter\Model->insert(Array)
#4 D:\Users\emma_\Desktop\Xampp\htdocs\framework\system\CodeIgniter.php(918): App\Controllers\Ctrl->index()
#5 D:\Users\emma_\Desktop\Xampp\htdocs\framework\system\CodeIgniter.php(404): CodeIgniter\CodeIgniter->runController(Object(App\Controllers\Ctrl))
#6 D:\Users\emma_\Desktop\Xampp\htdocs\framework\system\CodeIgniter.php(312): CodeIgniter\CodeIgniter->handleRequest(NULL, Object(Config\Cache), false)
#7 D:\Users\emma_\Desktop\Xampp\htdocs\framework\index.php(45): CodeIgniter\CodeIgniter->run()
#8 {main}
CRITICAL - 2020-11-30 20:38:49 --> Unable to connect to the database.
#0 D:\Users\emma_\Desktop\Xampp\htdocs\framework\system\Database\BaseConnection.php(646): CodeIgniter\Database\BaseConnection->initialize()
#1 D:\Users\emma_\Desktop\Xampp\htdocs\framework\system\Database\BaseBuilder.php(2249): CodeIgniter\Database\BaseConnection->query('INSERT INTO `pe...', Array, false)
#2 D:\Users\emma_\Desktop\Xampp\htdocs\framework\system\Model.php(755): CodeIgniter\Database\BaseBuilder->insert()
#3 D:\Users\emma_\Desktop\Xampp\htdocs\framework\app\Controllers\Ctrl.php(23): CodeIgniter\Model->insert(Array)
#4 D:\Users\emma_\Desktop\Xampp\htdocs\framework\system\CodeIgniter.php(918): App\Controllers\Ctrl->index()
#5 D:\Users\emma_\Desktop\Xampp\htdocs\framework\system\CodeIgniter.php(404): CodeIgniter\CodeIgniter->runController(Object(App\Controllers\Ctrl))
#6 D:\Users\emma_\Desktop\Xampp\htdocs\framework\system\CodeIgniter.php(312): CodeIgniter\CodeIgniter->handleRequest(NULL, Object(Config\Cache), false)
#7 D:\Users\emma_\Desktop\Xampp\htdocs\framework\index.php(45): CodeIgniter\CodeIgniter->run()
#8 {main}
CRITICAL - 2020-11-30 20:42:41 --> Unable to connect to the database.
#0 D:\Users\emma_\Desktop\Xampp\htdocs\framework\system\Database\BaseConnection.php(646): CodeIgniter\Database\BaseConnection->initialize()
#1 D:\Users\emma_\Desktop\Xampp\htdocs\framework\system\Database\BaseBuilder.php(2249): CodeIgniter\Database\BaseConnection->query('INSERT INTO `pe...', Array, false)
#2 D:\Users\emma_\Desktop\Xampp\htdocs\framework\system\Model.php(755): CodeIgniter\Database\BaseBuilder->insert()
#3 D:\Users\emma_\Desktop\Xampp\htdocs\framework\app\Controllers\Ctrl.php(23): CodeIgniter\Model->insert(Array)
#4 D:\Users\emma_\Desktop\Xampp\htdocs\framework\system\CodeIgniter.php(918): App\Controllers\Ctrl->index()
#5 D:\Users\emma_\Desktop\Xampp\htdocs\framework\system\CodeIgniter.php(404): CodeIgniter\CodeIgniter->runController(Object(App\Controllers\Ctrl))
#6 D:\Users\emma_\Desktop\Xampp\htdocs\framework\system\CodeIgniter.php(312): CodeIgniter\CodeIgniter->handleRequest(NULL, Object(Config\Cache), false)
#7 D:\Users\emma_\Desktop\Xampp\htdocs\framework\index.php(45): CodeIgniter\CodeIgniter->run()
#8 {main}
CRITICAL - 2020-11-30 20:42:54 --> Unable to connect to the database.
#0 D:\Users\emma_\Desktop\Xampp\htdocs\framework\system\Database\BaseConnection.php(646): CodeIgniter\Database\BaseConnection->initialize()
#1 D:\Users\emma_\Desktop\Xampp\htdocs\framework\system\Database\BaseBuilder.php(2249): CodeIgniter\Database\BaseConnection->query('INSERT INTO `pe...', Array, false)
#2 D:\Users\emma_\Desktop\Xampp\htdocs\framework\system\Model.php(755): CodeIgniter\Database\BaseBuilder->insert()
#3 D:\Users\emma_\Desktop\Xampp\htdocs\framework\app\Controllers\Ctrl.php(23): CodeIgniter\Model->insert(Array)
#4 D:\Users\emma_\Desktop\Xampp\htdocs\framework\system\CodeIgniter.php(918): App\Controllers\Ctrl->index()
#5 D:\Users\emma_\Desktop\Xampp\htdocs\framework\system\CodeIgniter.php(404): CodeIgniter\CodeIgniter->runController(Object(App\Controllers\Ctrl))
#6 D:\Users\emma_\Desktop\Xampp\htdocs\framework\system\CodeIgniter.php(312): CodeIgniter\CodeIgniter->handleRequest(NULL, Object(Config\Cache), false)
#7 D:\Users\emma_\Desktop\Xampp\htdocs\framework\index.php(45): CodeIgniter\CodeIgniter->run()
#8 {main}
CRITICAL - 2020-11-30 20:50:36 --> Unable to connect to the database.
#0 D:\Users\emma_\Desktop\Xampp\htdocs\framework\system\Database\BaseConnection.php(646): CodeIgniter\Database\BaseConnection->initialize()
#1 D:\Users\emma_\Desktop\Xampp\htdocs\framework\system\Database\BaseBuilder.php(2249): CodeIgniter\Database\BaseConnection->query('INSERT INTO `pe...', Array, false)
#2 D:\Users\emma_\Desktop\Xampp\htdocs\framework\system\Model.php(755): CodeIgniter\Database\BaseBuilder->insert()
#3 D:\Users\emma_\Desktop\Xampp\htdocs\framework\app\Controllers\Ctrl.php(23): CodeIgniter\Model->insert(Array)
#4 D:\Users\emma_\Desktop\Xampp\htdocs\framework\system\CodeIgniter.php(918): App\Controllers\Ctrl->index()
#5 D:\Users\emma_\Desktop\Xampp\htdocs\framework\system\CodeIgniter.php(404): CodeIgniter\CodeIgniter->runController(Object(App\Controllers\Ctrl))
#6 D:\Users\emma_\Desktop\Xampp\htdocs\framework\system\CodeIgniter.php(312): CodeIgniter\CodeIgniter->handleRequest(NULL, Object(Config\Cache), false)
#7 D:\Users\emma_\Desktop\Xampp\htdocs\framework\index.php(45): CodeIgniter\CodeIgniter->run()
#8 {main}
CRITICAL - 2020-11-30 20:50:45 --> Unable to connect to the database.
#0 D:\Users\emma_\Desktop\Xampp\htdocs\framework\system\Database\BaseConnection.php(646): CodeIgniter\Database\BaseConnection->initialize()
#1 D:\Users\emma_\Desktop\Xampp\htdocs\framework\system\Database\BaseBuilder.php(2249): CodeIgniter\Database\BaseConnection->query('INSERT INTO `pe...', Array, false)
#2 D:\Users\emma_\Desktop\Xampp\htdocs\framework\system\Model.php(755): CodeIgniter\Database\BaseBuilder->insert()
#3 D:\Users\emma_\Desktop\Xampp\htdocs\framework\app\Controllers\Ctrl.php(23): CodeIgniter\Model->insert(Array)
#4 D:\Users\emma_\Desktop\Xampp\htdocs\framework\system\CodeIgniter.php(918): App\Controllers\Ctrl->index()
#5 D:\Users\emma_\Desktop\Xampp\htdocs\framework\system\CodeIgniter.php(404): CodeIgniter\CodeIgniter->runController(Object(App\Controllers\Ctrl))
#6 D:\Users\emma_\Desktop\Xampp\htdocs\framework\system\CodeIgniter.php(312): CodeIgniter\CodeIgniter->handleRequest(NULL, Object(Config\Cache), false)
#7 D:\Users\emma_\Desktop\Xampp\htdocs\framework\index.php(45): CodeIgniter\CodeIgniter->run()
#8 {main}
CRITICAL - 2020-11-30 20:52:08 --> Unable to connect to the database.
#0 D:\Users\emma_\Desktop\Xampp\htdocs\framework\system\Database\BaseConnection.php(646): CodeIgniter\Database\BaseConnection->initialize()
#1 D:\Users\emma_\Desktop\Xampp\htdocs\framework\system\Database\BaseBuilder.php(2249): CodeIgniter\Database\BaseConnection->query('INSERT INTO `pe...', Array, false)
#2 D:\Users\emma_\Desktop\Xampp\htdocs\framework\system\Model.php(755): CodeIgniter\Database\BaseBuilder->insert()
#3 D:\Users\emma_\Desktop\Xampp\htdocs\framework\app\Controllers\Ctrl.php(23): CodeIgniter\Model->insert(Array)
#4 D:\Users\emma_\Desktop\Xampp\htdocs\framework\system\CodeIgniter.php(918): App\Controllers\Ctrl->index()
#5 D:\Users\emma_\Desktop\Xampp\htdocs\framework\system\CodeIgniter.php(404): CodeIgniter\CodeIgniter->runController(Object(App\Controllers\Ctrl))
#6 D:\Users\emma_\Desktop\Xampp\htdocs\framework\system\CodeIgniter.php(312): CodeIgniter\CodeIgniter->handleRequest(NULL, Object(Config\Cache), false)
#7 D:\Users\emma_\Desktop\Xampp\htdocs\framework\index.php(45): CodeIgniter\CodeIgniter->run()
#8 {main}
CRITICAL - 2020-11-30 20:54:34 --> Unable to connect to the database.
#0 D:\Users\emma_\Desktop\Xampp\htdocs\framework\system\Database\BaseConnection.php(646): CodeIgniter\Database\BaseConnection->initialize()
#1 D:\Users\emma_\Desktop\Xampp\htdocs\framework\system\Database\BaseBuilder.php(2249): CodeIgniter\Database\BaseConnection->query('INSERT INTO `pe...', Array, false)
#2 D:\Users\emma_\Desktop\Xampp\htdocs\framework\system\Model.php(755): CodeIgniter\Database\BaseBuilder->insert()
#3 D:\Users\emma_\Desktop\Xampp\htdocs\framework\app\Controllers\Ctrl.php(23): CodeIgniter\Model->insert(Array)
#4 D:\Users\emma_\Desktop\Xampp\htdocs\framework\system\CodeIgniter.php(918): App\Controllers\Ctrl->index()
#5 D:\Users\emma_\Desktop\Xampp\htdocs\framework\system\CodeIgniter.php(404): CodeIgniter\CodeIgniter->runController(Object(App\Controllers\Ctrl))
#6 D:\Users\emma_\Desktop\Xampp\htdocs\framework\system\CodeIgniter.php(312): CodeIgniter\CodeIgniter->handleRequest(NULL, Object(Config\Cache), false)
#7 D:\Users\emma_\Desktop\Xampp\htdocs\framework\index.php(45): CodeIgniter\CodeIgniter->run()
#8 {main}
